#
# A fatal error has been detected by the Java Runtime Environment:
#
#  SIGSEGV (0xb) at pc=0x000000010647d5f8, pid=13528, tid=6147
#
# JRE version: OpenJDK Runtime Environment Zulu11.56+19-CA (11.0.15+10) (build 11.0.15+10-LTS)
# Java VM: OpenJDK 64-Bit Server VM Zulu11.56+19-CA (11.0.15+10-LTS, mixed mode, tiered, compressed oops, g1 gc, bsd-aarch64)
# Problematic frame:
# V  [libjvm.dylib+0x7055f8]  _ZN14AccessInternal19PostRuntimeDispatchIN12G1BarrierSet13AccessBarrierILy1097844ES1_EELNS_11BarrierTypeE2ELy1097844EE18oop_access_barrierEPv+0x8
#
# No core dump will be written. Core dumps have been disabled. To enable core dumping, try "ulimit -c unlimited" before starting Java again
#
# If you would like to submit a bug report, please visit:
#   http://www.azul.com/support/
#

---------------  S U M M A R Y ------------

Command Line: -Dfile.encoding=UTF-8 oracle.jdbc.driver.JavaToJavaConverter$210

Host: MacBookAir10,1 arm64 1 MHz, 8 cores, 16G, Darwin 21.3.0
Time: Mon Jul  4 17:35:24 2022 KST elapsed time: 0.077840 seconds (0d 0h 0m 0s)

---------------  T H R E A D  ---------------

Current thread (0x000000012480a000):  JavaThread "main" [_thread_in_vm, id=6147, stack(0x000000016af9c000,0x000000016b19f000)]

Stack: [0x000000016af9c000,0x000000016b19f000],  sp=0x000000016b19edd0,  free space=2059k
Native frames: (J=compiled Java code, A=aot compiled Java code, j=interpreted, Vv=VM code, C=native code)
V  [libjvm.dylib+0x7055f8]  _ZN14AccessInternal19PostRuntimeDispatchIN12G1BarrierSet13AccessBarrierILy1097844ES1_EELNS_11BarrierTypeE2ELy1097844EE18oop_access_barrierEPv+0x8
V  [libjvm.dylib+0x38f718]  jni_GetStringUTFChars+0x140
C  [libjli.dylib+0x7ea8]  PostJVMInit+0xc4
C  [libjli.dylib+0x59a0]  JavaMain+0xac0
C  [libjli.dylib+0x7b38]  ThreadJavaMain+0xc
C  [libsystem_pthread.dylib+0x7240]  _pthread_start+0x94


siginfo: si_signo: 11 (SIGSEGV), si_code: 2 (SEGV_ACCERR), si_addr: 0x0000000000000000

Register to memory mapping:

 x0=0x0 is NULL
 x1=0x0 is NULL
 x2=0x0 is NULL
 x3={method} {0x000000013c012058} 'getCanonicalName' '()Ljava/lang/String;' in 'java/lang/Class'
 x4=0x000000010f0ee800 is at code_begin+0 in an Interpreter codelet
method entry point (kind = zerolocals)  [0x000000010f0ee800, 0x000000010f0eebc0]  960 bytes
 x5=0x000000016b19ecc0 is pointing into the stack for thread: 0x000000012480a000
 x6=0x0000000100000001 is an unknown value
 x7=0x000000012480a000 is a thread
 x8=0x000000010647d5f0: _ZN14AccessInternal19PostRuntimeDispatchIN12G1BarrierSet13AccessBarrierILy1097844ES1_EELNS_11BarrierTypeE2ELy1097844EE18oop_access_barrierEPv+0 in /Library/Java/JavaVirtualMachines/zulu-11.jdk/Contents/Home/lib/server/libjvm.dylib at 0x0000000105d78000
 x9=0x0000000000000008 is an unknown value
x10=0x2010000030300000 is an unknown value
x11=0x0000000000000001 is an unknown value
x12=0x0 is NULL
x13={method} {0x000000013c012058} 'getCanonicalName' '()Ljava/lang/String;' in 'java/lang/Class'
x14=0x0000000140075f00 points into unknown readable memory: 0x6a4c4435ffff0012 | 12 00 ff ff 35 44 4c 6a
x15=0x0000000106690668: _ZN9vmSymbols8_symbolsE+0xc8 in /Library/Java/JavaVirtualMachines/zulu-11.jdk/Contents/Home/lib/server/libjvm.dylib at 0x0000000105d78000
x16=0x000000018d6b5f34: pthread_jit_write_protect_np+0 in /usr/lib/system/libsystem_pthread.dylib at 0x000000018d6ae000
x17=0x0000600002f40150 points into unknown readable memory: 0x0000000000000000 | 00 00 00 00 00 00 00 00
x18=0x0 is NULL
x19=0x0000000000000001 is an unknown value
x20=0x000000012480a000 is a thread
x21=0x0 is NULL
x22=0x0 is NULL
x23=0x000000012480a350 points into unknown readable memory: 0x00000001066390d8 | d8 90 63 06 01 00 00 00
x24=0x000000012480a000 is a thread
x25=0x000060000345f3e8 points into unknown readable memory: 0x000000013c2be460 | 60 e4 2b 3c 01 00 00 00
x26=0x0000600002f40088 points into unknown readable memory: 0x0000000000000000 | 00 00 00 00 00 00 00 00
x27=0x0 is NULL
x28=0x000060000344c980 points into unknown readable memory: 0x0000003800000005 | 05 00 00 00 38 00 00 00


Registers:
 x0=0x0000000000000000  x1=0x0000000000000000  x2=0x0000000000000000  x3=0x000000013c012058
 x4=0x000000010f0ee800  x5=0x000000016b19ecc0  x6=0x0000000100000001  x7=0x000000012480a000
 x8=0x000000010647d5f0  x9=0x0000000000000008 x10=0x2010000030300000 x11=0x0000000000000001
x12=0x0000000000000000 x13=0x000000013c012058 x14=0x0000000140075f00 x15=0x0000000106690668
x16=0x000000018d6b5f34 x17=0x0000600002f40150 x18=0x0000000000000000 x19=0x0000000000000001
x20=0x000000012480a000 x21=0x0000000000000000 x22=0x0000000000000000 x23=0x000000012480a350
x24=0x000000012480a000 x25=0x000060000345f3e8 x26=0x0000600002f40088 x27=0x0000000000000000
x28=0x000060000344c980  fp=0x000000016b19edd0  lr=0x0000000106107718  sp=0x000000016b19edd0
pc=0x000000010647d5f8 cpsr=0x0000000040001000
Top of Stack: (sp=0x000000016b19edd0)
0x000000016b19edd0:   000000016b19ee60 0000000106107718
0x000000016b19ede0:   000060000344c980 0000000000000000
0x000000016b19edf0:   0000000125804e88 000000012480a350
0x000000016b19ee00:   000000016b19ee20 000000012480a000
0x000000016b19ee10:   0000000000000000 0000000000000001
0x000000016b19ee20:   000000016b19ee60 000000012480a000
0x000000016b19ee30:   0000000125804e88 000000012480a350
0x000000016b19ee40:   0000000125804ea8 0000000125804ea0
0x000000016b19ee50:   0000000000000000 000000012480a350
0x000000016b19ee60:   000000016b19eef0 000000010502fea8
0x000000016b19ee70:   0000000125804e88 000000012480a350
0x000000016b19ee80:   000000016b19eea0 0000000105ec7430
0x000000016b19ee90:   000000012480a000 0000000000000001
0x000000016b19eea0:   000000016b19eef0 d25c0001060f27dc
0x000000016b19eeb0:   000000016b19eef0 000000012480a000
0x000000016b19eec0:   0000000125804e88 78faa078ecfc00ea
0x000000016b19eed0:   0000000125804ea8 0000000125804ea0
0x000000016b19eee0:   0000000000000040 0000000125804eb8
0x000000016b19eef0:   000000016b19efb0 000000010502d9a0
0x000000016b19ef00:   0000000000000001 0000000000000001
0x000000016b19ef10:   0000000125804e98 0000000000000000
0x000000016b19ef20:   0000000000000000 0000000000000000
0x000000016b19ef30:   0000000000000001 000000012480a350
0x000000016b19ef40:   00000001066390d0 0000000400010002
0x000000016b19ef50:   000060000344c980 0000000000000000
0x000000016b19ef60:   0000000000000000 0000000000000000
0x000000016b19ef70:   0000000000000000 0000000000000000
0x000000016b19ef80:   0000000000000000 0000000000000000
0x000000016b19ef90:   0000000000000000 0000000000000000
0x000000016b19efa0:   0000000000000000 000000016b19f000
0x000000016b19efb0:   000000016b19efc0 000000010502fb38
0x000000016b19efc0:   000000016b19efe0 000000018d6b5240 

Instructions: (pc=0x000000010647d5f8)
0x000000010647d4f8:   38 b6 f9 97 ef ff ff 17 c8 0f 00 f0 08 a1 27 91
0x000000010647d508:   00 a1 01 91 e1 03 13 aa c3 d0 fb 97 e9 ff ff 17
0x000000010647d518:   f4 4f be a9 fd 7b 01 a9 fd 43 00 91 f3 03 00 aa
0x000000010647d528:   88 0f 00 d0 08 01 34 91 08 01 40 39 68 00 00 34
0x000000010647d538:   0a 00 00 94 02 00 00 14 2e 47 ec 97 e1 03 00 aa
0x000000010647d548:   a8 0d 00 f0 00 21 04 f9 e0 03 13 aa fd 7b 41 a9
0x000000010647d558:   f4 4f c2 a8 20 00 1f d6 fd 7b bf a9 fd 03 00 91
0x000000010647d568:   68 0f 00 90 1f 20 03 d5 08 19 40 f9 08 11 40 b9
0x000000010647d578:   08 05 00 51 1f 11 00 71 c2 00 00 54 69 0d 00 b0
0x000000010647d588:   29 01 2f 91 20 d9 68 f8 fd 7b c1 a8 c0 03 5f d6
0x000000010647d598:   a1 bf 44 30 1f 20 03 d5 a3 c0 44 50 1f 20 03 d5
0x000000010647d5a8:   00 00 bc 52 02 1d 80 52 3d f5 eb 97 98 64 fa 97
0x000000010647d5b8:   00 00 80 d2 fd 7b c1 a8 c0 03 5f d6 00 00 00 00
0x000000010647d5c8:   fd 7b bf a9 fd 03 00 91 00 00 40 f9 fd 7b c1 a8
0x000000010647d5d8:   c0 03 5f d6 00 00 00 00 00 00 00 00 00 00 00 00
0x000000010647d5e8:   00 00 00 00 00 00 00 00 fd 7b bf a9 fd 03 00 91
0x000000010647d5f8:   00 00 40 f9 fd 7b c1 a8 c0 03 5f d6 00 00 00 00
0x000000010647d608:   fd 7b bf a9 fd 03 00 91 00 00 40 f9 fd 7b c1 a8
0x000000010647d618:   c0 03 5f d6 00 00 00 00 00 00 00 00 00 00 00 00
0x000000010647d628:   00 00 00 00 00 00 00 00 fd 7b bf a9 fd 03 00 91
0x000000010647d638:   01 00 40 f9 c1 00 00 b4 68 0f 00 90 1f 20 03 d5
0x000000010647d648:   00 19 40 f9 fd 7b c1 a8 08 b3 fc 17 00 00 80 d2
0x000000010647d658:   fd 7b c1 a8 c0 03 5f d6 ff 83 00 d1 fd 7b 01 a9
0x000000010647d668:   fd 43 00 91 81 04 00 b4 28 5c 40 f9 bf 39 03 d5
0x000000010647d678:   28 04 00 b4 08 f9 7f 92 09 04 40 f9 20 05 40 f9
0x000000010647d688:   29 36 8f 52 e9 c6 b3 72 09 7d 09 1b ea aa 90 52
0x000000010647d698:   2a e4 af 72 2a 7d aa 9b 4a fd 69 d3 eb 80 80 52
0x000000010647d6a8:   4a a5 0b 1b 0a 58 6a f8 aa 01 00 b4 4b 01 40 b9
0x000000010647d6b8:   7f 01 09 6b 81 00 00 54 4b 05 40 f9 7f 01 08 eb
0x000000010647d6c8:   80 00 00 54 4a 0d 40 f9 2a ff ff b5 04 00 00 14
0x000000010647d6d8:   49 11 40 b9 3f 05 00 71 e0 00 00 54 e8 07 00 f9
0x000000010647d6e8:   28 00 80 52 e8 07 00 b9 e1 23 00 91 e2 13 00 91 


Stack slot to memory mapping:
stack at sp + 0 slots: 0x000000016b19ee60 is pointing into the stack for thread: 0x000000012480a000
stack at sp + 1 slots: 0x0000000106107718: jni_GetStringUTFChars+0x140 in /Library/Java/JavaVirtualMachines/zulu-11.jdk/Contents/Home/lib/server/libjvm.dylib at 0x0000000105d78000
stack at sp + 2 slots: 0x000060000344c980 points into unknown readable memory: 0x0000003800000005 | 05 00 00 00 38 00 00 00
stack at sp + 3 slots: 0x0 is NULL
stack at sp + 4 slots: 0x0000000125804e88 points into unknown readable memory: 0x00000006cfe1da68 | 68 da e1 cf 06 00 00 00
stack at sp + 5 slots: 0x000000012480a350 points into unknown readable memory: 0x00000001066390d8 | d8 90 63 06 01 00 00 00
stack at sp + 6 slots: 0x000000016b19ee20 is pointing into the stack for thread: 0x000000012480a000
stack at sp + 7 slots: 0x000000012480a000 is a thread


---------------  P R O C E S S  ---------------

Threads class SMR info:
_java_thread_list=0x00006000021541a0, length=9, elements={
0x000000012480a000, 0x0000000124011000, 0x000000012401a000, 0x000000012490d800,
0x0000000124912000, 0x0000000124913000, 0x0000000124929000, 0x000000012380b800,
0x0000000124997800
}

Java Threads: ( => current thread )
=>0x000000012480a000 JavaThread "main" [_thread_in_vm, id=6147, stack(0x000000016af9c000,0x000000016b19f000)]
  0x0000000124011000 JavaThread "Reference Handler" daemon [_thread_blocked, id=14595, stack(0x000000016bdf0000,0x000000016bff3000)]
  0x000000012401a000 JavaThread "Finalizer" daemon [_thread_blocked, id=15107, stack(0x000000016bffc000,0x000000016c1ff000)]
  0x000000012490d800 JavaThread "Signal Dispatcher" daemon [_thread_blocked, id=17411, stack(0x000000016c320000,0x000000016c523000)]
  0x0000000124912000 JavaThread "Service Thread" daemon [_thread_blocked, id=43267, stack(0x000000016c52c000,0x000000016c72f000)]
  0x0000000124913000 JavaThread "C2 CompilerThread0" daemon [_thread_blocked, id=42755, stack(0x000000016c738000,0x000000016c93b000)]
  0x0000000124929000 JavaThread "C1 CompilerThread0" daemon [_thread_blocked, id=42243, stack(0x000000016c944000,0x000000016cb47000)]
  0x000000012380b800 JavaThread "Sweeper thread" daemon [_thread_blocked, id=22787, stack(0x000000016cb50000,0x000000016cd53000)]
  0x0000000124997800 JavaThread "Common-Cleaner" daemon [_thread_blocked, id=23555, stack(0x000000016cf68000,0x000000016d16b000)]

Other Threads:
  0x0000000125062000 VMThread "VM Thread" [stack: 0x000000016bbe4000,0x000000016bde7000] [id=14083]
  0x0000000125013800 WatcherThread [stack: 0x000000016cd5c000,0x000000016cf5f000] [id=41731]
  0x0000000124815000 GCTaskThread "GC Thread#0" [stack: 0x000000016b1a8000,0x000000016b3ab000] [id=11779]
  0x000000012485a800 ConcurrentGCThread "G1 Main Marker" [stack: 0x000000016b3b4000,0x000000016b5b7000] [id=20995]
  0x000000012485b000 ConcurrentGCThread "G1 Conc#0" [stack: 0x000000016b5c0000,0x000000016b7c3000] [id=12547]
  0x00000001248fc000 ConcurrentGCThread "G1 Refine#0" [stack: 0x000000016b7cc000,0x000000016b9cf000] [id=19971]
  0x00000001248fc800 ConcurrentGCThread "G1 Young RemSet Sampling" [stack: 0x000000016b9d8000,0x000000016bbdb000] [id=13059]

Threads with active compile tasks:

VM state:not at safepoint (normal execution)

VM Mutex/Monitor currently owned by a thread: None

Heap address: 0x00000006c0000000, size: 4096 MB, Compressed Oops mode: Zero based, Oop shift amount: 3
Narrow klass base: 0x0000000800000000, Narrow klass shift: 0
Compressed class space size: 1073741824 Address: 0x0000000800000000

Heap:
 garbage-first heap   total 262144K, used 3072K [0x00000006c0000000, 0x00000007c0000000)
  region size 1024K, 5 young (5120K), 0 survivors (0K)
 Metaspace       used 5987K, capacity 6142K, committed 6272K, reserved 1056768K
  class space    used 492K, capacity 533K, committed 640K, reserved 1048576K
Heap Regions: E=young(eden), S=young(survivor), O=old, HS=humongous(starts), HC=humongous(continues), CS=collection set, F=free, A=archive, TAMS=top-at-mark-start (previous, next)
|   0|0x00000006c0000000, 0x00000006c0000000, 0x00000006c0100000|  0%| F|  |TAMS 0x00000006c0000000, 0x00000006c0000000| Untracked 
|   1|0x00000006c0100000, 0x00000006c0100000, 0x00000006c0200000|  0%| F|  |TAMS 0x00000006c0100000, 0x00000006c0100000| Untracked 
|   2|0x00000006c0200000, 0x00000006c0200000, 0x00000006c0300000|  0%| F|  |TAMS 0x00000006c0200000, 0x00000006c0200000| Untracked 
|   3|0x00000006c0300000, 0x00000006c0300000, 0x00000006c0400000|  0%| F|  |TAMS 0x00000006c0300000, 0x00000006c0300000| Untracked 
|   4|0x00000006c0400000, 0x00000006c0400000, 0x00000006c0500000|  0%| F|  |TAMS 0x00000006c0400000, 0x00000006c0400000| Untracked 
|   5|0x00000006c0500000, 0x00000006c0500000, 0x00000006c0600000|  0%| F|  |TAMS 0x00000006c0500000, 0x00000006c0500000| Untracked 
|   6|0x00000006c0600000, 0x00000006c0600000, 0x00000006c0700000|  0%| F|  |TAMS 0x00000006c0600000, 0x00000006c0600000| Untracked 
|   7|0x00000006c0700000, 0x00000006c0700000, 0x00000006c0800000|  0%| F|  |TAMS 0x00000006c0700000, 0x00000006c0700000| Untracked 
|   8|0x00000006c0800000, 0x00000006c0800000, 0x00000006c0900000|  0%| F|  |TAMS 0x00000006c0800000, 0x00000006c0800000| Untracked 
|   9|0x00000006c0900000, 0x00000006c0900000, 0x00000006c0a00000|  0%| F|  |TAMS 0x00000006c0900000, 0x00000006c0900000| Untracked 
|  10|0x00000006c0a00000, 0x00000006c0a00000, 0x00000006c0b00000|  0%| F|  |TAMS 0x00000006c0a00000, 0x00000006c0a00000| Untracked 
|  11|0x00000006c0b00000, 0x00000006c0b00000, 0x00000006c0c00000|  0%| F|  |TAMS 0x00000006c0b00000, 0x00000006c0b00000| Untracked 
|  12|0x00000006c0c00000, 0x00000006c0c00000, 0x00000006c0d00000|  0%| F|  |TAMS 0x00000006c0c00000, 0x00000006c0c00000| Untracked 
|  13|0x00000006c0d00000, 0x00000006c0d00000, 0x00000006c0e00000|  0%| F|  |TAMS 0x00000006c0d00000, 0x00000006c0d00000| Untracked 
|  14|0x00000006c0e00000, 0x00000006c0e00000, 0x00000006c0f00000|  0%| F|  |TAMS 0x00000006c0e00000, 0x00000006c0e00000| Untracked 
|  15|0x00000006c0f00000, 0x00000006c0f00000, 0x00000006c1000000|  0%| F|  |TAMS 0x00000006c0f00000, 0x00000006c0f00000| Untracked 
|  16|0x00000006c1000000, 0x00000006c1000000, 0x00000006c1100000|  0%| F|  |TAMS 0x00000006c1000000, 0x00000006c1000000| Untracked 
|  17|0x00000006c1100000, 0x00000006c1100000, 0x00000006c1200000|  0%| F|  |TAMS 0x00000006c1100000, 0x00000006c1100000| Untracked 
|  18|0x00000006c1200000, 0x00000006c1200000, 0x00000006c1300000|  0%| F|  |TAMS 0x00000006c1200000, 0x00000006c1200000| Untracked 
|  19|0x00000006c1300000, 0x00000006c1300000, 0x00000006c1400000|  0%| F|  |TAMS 0x00000006c1300000, 0x00000006c1300000| Untracked 
|  20|0x00000006c1400000, 0x00000006c1400000, 0x00000006c1500000|  0%| F|  |TAMS 0x00000006c1400000, 0x00000006c1400000| Untracked 
|  21|0x00000006c1500000, 0x00000006c1500000, 0x00000006c1600000|  0%| F|  |TAMS 0x00000006c1500000, 0x00000006c1500000| Untracked 
|  22|0x00000006c1600000, 0x00000006c1600000, 0x00000006c1700000|  0%| F|  |TAMS 0x00000006c1600000, 0x00000006c1600000| Untracked 
|  23|0x00000006c1700000, 0x00000006c1700000, 0x00000006c1800000|  0%| F|  |TAMS 0x00000006c1700000, 0x00000006c1700000| Untracked 
|  24|0x00000006c1800000, 0x00000006c1800000, 0x00000006c1900000|  0%| F|  |TAMS 0x00000006c1800000, 0x00000006c1800000| Untracked 
|  25|0x00000006c1900000, 0x00000006c1900000, 0x00000006c1a00000|  0%| F|  |TAMS 0x00000006c1900000, 0x00000006c1900000| Untracked 
|  26|0x00000006c1a00000, 0x00000006c1a00000, 0x00000006c1b00000|  0%| F|  |TAMS 0x00000006c1a00000, 0x00000006c1a00000| Untracked 
|  27|0x00000006c1b00000, 0x00000006c1b00000, 0x00000006c1c00000|  0%| F|  |TAMS 0x00000006c1b00000, 0x00000006c1b00000| Untracked 
|  28|0x00000006c1c00000, 0x00000006c1c00000, 0x00000006c1d00000|  0%| F|  |TAMS 0x00000006c1c00000, 0x00000006c1c00000| Untracked 
|  29|0x00000006c1d00000, 0x00000006c1d00000, 0x00000006c1e00000|  0%| F|  |TAMS 0x00000006c1d00000, 0x00000006c1d00000| Untracked 
|  30|0x00000006c1e00000, 0x00000006c1e00000, 0x00000006c1f00000|  0%| F|  |TAMS 0x00000006c1e00000, 0x00000006c1e00000| Untracked 
|  31|0x00000006c1f00000, 0x00000006c1f00000, 0x00000006c2000000|  0%| F|  |TAMS 0x00000006c1f00000, 0x00000006c1f00000| Untracked 
|  32|0x00000006c2000000, 0x00000006c2000000, 0x00000006c2100000|  0%| F|  |TAMS 0x00000006c2000000, 0x00000006c2000000| Untracked 
|  33|0x00000006c2100000, 0x00000006c2100000, 0x00000006c2200000|  0%| F|  |TAMS 0x00000006c2100000, 0x00000006c2100000| Untracked 
|  34|0x00000006c2200000, 0x00000006c2200000, 0x00000006c2300000|  0%| F|  |TAMS 0x00000006c2200000, 0x00000006c2200000| Untracked 
|  35|0x00000006c2300000, 0x00000006c2300000, 0x00000006c2400000|  0%| F|  |TAMS 0x00000006c2300000, 0x00000006c2300000| Untracked 
|  36|0x00000006c2400000, 0x00000006c2400000, 0x00000006c2500000|  0%| F|  |TAMS 0x00000006c2400000, 0x00000006c2400000| Untracked 
|  37|0x00000006c2500000, 0x00000006c2500000, 0x00000006c2600000|  0%| F|  |TAMS 0x00000006c2500000, 0x00000006c2500000| Untracked 
|  38|0x00000006c2600000, 0x00000006c2600000, 0x00000006c2700000|  0%| F|  |TAMS 0x00000006c2600000, 0x00000006c2600000| Untracked 
|  39|0x00000006c2700000, 0x00000006c2700000, 0x00000006c2800000|  0%| F|  |TAMS 0x00000006c2700000, 0x00000006c2700000| Untracked 
|  40|0x00000006c2800000, 0x00000006c2800000, 0x00000006c2900000|  0%| F|  |TAMS 0x00000006c2800000, 0x00000006c2800000| Untracked 
|  41|0x00000006c2900000, 0x00000006c2900000, 0x00000006c2a00000|  0%| F|  |TAMS 0x00000006c2900000, 0x00000006c2900000| Untracked 
|  42|0x00000006c2a00000, 0x00000006c2a00000, 0x00000006c2b00000|  0%| F|  |TAMS 0x00000006c2a00000, 0x00000006c2a00000| Untracked 
|  43|0x00000006c2b00000, 0x00000006c2b00000, 0x00000006c2c00000|  0%| F|  |TAMS 0x00000006c2b00000, 0x00000006c2b00000| Untracked 
|  44|0x00000006c2c00000, 0x00000006c2c00000, 0x00000006c2d00000|  0%| F|  |TAMS 0x00000006c2c00000, 0x00000006c2c00000| Untracked 
|  45|0x00000006c2d00000, 0x00000006c2d00000, 0x00000006c2e00000|  0%| F|  |TAMS 0x00000006c2d00000, 0x00000006c2d00000| Untracked 
|  46|0x00000006c2e00000, 0x00000006c2e00000, 0x00000006c2f00000|  0%| F|  |TAMS 0x00000006c2e00000, 0x00000006c2e00000| Untracked 
|  47|0x00000006c2f00000, 0x00000006c2f00000, 0x00000006c3000000|  0%| F|  |TAMS 0x00000006c2f00000, 0x00000006c2f00000| Untracked 
|  48|0x00000006c3000000, 0x00000006c3000000, 0x00000006c3100000|  0%| F|  |TAMS 0x00000006c3000000, 0x00000006c3000000| Untracked 
|  49|0x00000006c3100000, 0x00000006c3100000, 0x00000006c3200000|  0%| F|  |TAMS 0x00000006c3100000, 0x00000006c3100000| Untracked 
|  50|0x00000006c3200000, 0x00000006c3200000, 0x00000006c3300000|  0%| F|  |TAMS 0x00000006c3200000, 0x00000006c3200000| Untracked 
|  51|0x00000006c3300000, 0x00000006c3300000, 0x00000006c3400000|  0%| F|  |TAMS 0x00000006c3300000, 0x00000006c3300000| Untracked 
|  52|0x00000006c3400000, 0x00000006c3400000, 0x00000006c3500000|  0%| F|  |TAMS 0x00000006c3400000, 0x00000006c3400000| Untracked 
|  53|0x00000006c3500000, 0x00000006c3500000, 0x00000006c3600000|  0%| F|  |TAMS 0x00000006c3500000, 0x00000006c3500000| Untracked 
|  54|0x00000006c3600000, 0x00000006c3600000, 0x00000006c3700000|  0%| F|  |TAMS 0x00000006c3600000, 0x00000006c3600000| Untracked 
|  55|0x00000006c3700000, 0x00000006c3700000, 0x00000006c3800000|  0%| F|  |TAMS 0x00000006c3700000, 0x00000006c3700000| Untracked 
|  56|0x00000006c3800000, 0x00000006c3800000, 0x00000006c3900000|  0%| F|  |TAMS 0x00000006c3800000, 0x00000006c3800000| Untracked 
|  57|0x00000006c3900000, 0x00000006c3900000, 0x00000006c3a00000|  0%| F|  |TAMS 0x00000006c3900000, 0x00000006c3900000| Untracked 
|  58|0x00000006c3a00000, 0x00000006c3a00000, 0x00000006c3b00000|  0%| F|  |TAMS 0x00000006c3a00000, 0x00000006c3a00000| Untracked 
|  59|0x00000006c3b00000, 0x00000006c3b00000, 0x00000006c3c00000|  0%| F|  |TAMS 0x00000006c3b00000, 0x00000006c3b00000| Untracked 
|  60|0x00000006c3c00000, 0x00000006c3c00000, 0x00000006c3d00000|  0%| F|  |TAMS 0x00000006c3c00000, 0x00000006c3c00000| Untracked 
|  61|0x00000006c3d00000, 0x00000006c3d00000, 0x00000006c3e00000|  0%| F|  |TAMS 0x00000006c3d00000, 0x00000006c3d00000| Untracked 
|  62|0x00000006c3e00000, 0x00000006c3e00000, 0x00000006c3f00000|  0%| F|  |TAMS 0x00000006c3e00000, 0x00000006c3e00000| Untracked 
|  63|0x00000006c3f00000, 0x00000006c3f00000, 0x00000006c4000000|  0%| F|  |TAMS 0x00000006c3f00000, 0x00000006c3f00000| Untracked 
|  64|0x00000006c4000000, 0x00000006c4000000, 0x00000006c4100000|  0%| F|  |TAMS 0x00000006c4000000, 0x00000006c4000000| Untracked 
|  65|0x00000006c4100000, 0x00000006c4100000, 0x00000006c4200000|  0%| F|  |TAMS 0x00000006c4100000, 0x00000006c4100000| Untracked 
|  66|0x00000006c4200000, 0x00000006c4200000, 0x00000006c4300000|  0%| F|  |TAMS 0x00000006c4200000, 0x00000006c4200000| Untracked 
|  67|0x00000006c4300000, 0x00000006c4300000, 0x00000006c4400000|  0%| F|  |TAMS 0x00000006c4300000, 0x00000006c4300000| Untracked 
|  68|0x00000006c4400000, 0x00000006c4400000, 0x00000006c4500000|  0%| F|  |TAMS 0x00000006c4400000, 0x00000006c4400000| Untracked 
|  69|0x00000006c4500000, 0x00000006c4500000, 0x00000006c4600000|  0%| F|  |TAMS 0x00000006c4500000, 0x00000006c4500000| Untracked 
|  70|0x00000006c4600000, 0x00000006c4600000, 0x00000006c4700000|  0%| F|  |TAMS 0x00000006c4600000, 0x00000006c4600000| Untracked 
|  71|0x00000006c4700000, 0x00000006c4700000, 0x00000006c4800000|  0%| F|  |TAMS 0x00000006c4700000, 0x00000006c4700000| Untracked 
|  72|0x00000006c4800000, 0x00000006c4800000, 0x00000006c4900000|  0%| F|  |TAMS 0x00000006c4800000, 0x00000006c4800000| Untracked 
|  73|0x00000006c4900000, 0x00000006c4900000, 0x00000006c4a00000|  0%| F|  |TAMS 0x00000006c4900000, 0x00000006c4900000| Untracked 
|  74|0x00000006c4a00000, 0x00000006c4a00000, 0x00000006c4b00000|  0%| F|  |TAMS 0x00000006c4a00000, 0x00000006c4a00000| Untracked 
|  75|0x00000006c4b00000, 0x00000006c4b00000, 0x00000006c4c00000|  0%| F|  |TAMS 0x00000006c4b00000, 0x00000006c4b00000| Untracked 
|  76|0x00000006c4c00000, 0x00000006c4c00000, 0x00000006c4d00000|  0%| F|  |TAMS 0x00000006c4c00000, 0x00000006c4c00000| Untracked 
|  77|0x00000006c4d00000, 0x00000006c4d00000, 0x00000006c4e00000|  0%| F|  |TAMS 0x00000006c4d00000, 0x00000006c4d00000| Untracked 
|  78|0x00000006c4e00000, 0x00000006c4e00000, 0x00000006c4f00000|  0%| F|  |TAMS 0x00000006c4e00000, 0x00000006c4e00000| Untracked 
|  79|0x00000006c4f00000, 0x00000006c4f00000, 0x00000006c5000000|  0%| F|  |TAMS 0x00000006c4f00000, 0x00000006c4f00000| Untracked 
|  80|0x00000006c5000000, 0x00000006c5000000, 0x00000006c5100000|  0%| F|  |TAMS 0x00000006c5000000, 0x00000006c5000000| Untracked 
|  81|0x00000006c5100000, 0x00000006c5100000, 0x00000006c5200000|  0%| F|  |TAMS 0x00000006c5100000, 0x00000006c5100000| Untracked 
|  82|0x00000006c5200000, 0x00000006c5200000, 0x00000006c5300000|  0%| F|  |TAMS 0x00000006c5200000, 0x00000006c5200000| Untracked 
|  83|0x00000006c5300000, 0x00000006c5300000, 0x00000006c5400000|  0%| F|  |TAMS 0x00000006c5300000, 0x00000006c5300000| Untracked 
|  84|0x00000006c5400000, 0x00000006c5400000, 0x00000006c5500000|  0%| F|  |TAMS 0x00000006c5400000, 0x00000006c5400000| Untracked 
|  85|0x00000006c5500000, 0x00000006c5500000, 0x00000006c5600000|  0%| F|  |TAMS 0x00000006c5500000, 0x00000006c5500000| Untracked 
|  86|0x00000006c5600000, 0x00000006c5600000, 0x00000006c5700000|  0%| F|  |TAMS 0x00000006c5600000, 0x00000006c5600000| Untracked 
|  87|0x00000006c5700000, 0x00000006c5700000, 0x00000006c5800000|  0%| F|  |TAMS 0x00000006c5700000, 0x00000006c5700000| Untracked 
|  88|0x00000006c5800000, 0x00000006c5800000, 0x00000006c5900000|  0%| F|  |TAMS 0x00000006c5800000, 0x00000006c5800000| Untracked 
|  89|0x00000006c5900000, 0x00000006c5900000, 0x00000006c5a00000|  0%| F|  |TAMS 0x00000006c5900000, 0x00000006c5900000| Untracked 
|  90|0x00000006c5a00000, 0x00000006c5a00000, 0x00000006c5b00000|  0%| F|  |TAMS 0x00000006c5a00000, 0x00000006c5a00000| Untracked 
|  91|0x00000006c5b00000, 0x00000006c5b00000, 0x00000006c5c00000|  0%| F|  |TAMS 0x00000006c5b00000, 0x00000006c5b00000| Untracked 
|  92|0x00000006c5c00000, 0x00000006c5c00000, 0x00000006c5d00000|  0%| F|  |TAMS 0x00000006c5c00000, 0x00000006c5c00000| Untracked 
|  93|0x00000006c5d00000, 0x00000006c5d00000, 0x00000006c5e00000|  0%| F|  |TAMS 0x00000006c5d00000, 0x00000006c5d00000| Untracked 
|  94|0x00000006c5e00000, 0x00000006c5e00000, 0x00000006c5f00000|  0%| F|  |TAMS 0x00000006c5e00000, 0x00000006c5e00000| Untracked 
|  95|0x00000006c5f00000, 0x00000006c5f00000, 0x00000006c6000000|  0%| F|  |TAMS 0x00000006c5f00000, 0x00000006c5f00000| Untracked 
|  96|0x00000006c6000000, 0x00000006c6000000, 0x00000006c6100000|  0%| F|  |TAMS 0x00000006c6000000, 0x00000006c6000000| Untracked 
|  97|0x00000006c6100000, 0x00000006c6100000, 0x00000006c6200000|  0%| F|  |TAMS 0x00000006c6100000, 0x00000006c6100000| Untracked 
|  98|0x00000006c6200000, 0x00000006c6200000, 0x00000006c6300000|  0%| F|  |TAMS 0x00000006c6200000, 0x00000006c6200000| Untracked 
|  99|0x00000006c6300000, 0x00000006c6300000, 0x00000006c6400000|  0%| F|  |TAMS 0x00000006c6300000, 0x00000006c6300000| Untracked 
| 100|0x00000006c6400000, 0x00000006c6400000, 0x00000006c6500000|  0%| F|  |TAMS 0x00000006c6400000, 0x00000006c6400000| Untracked 
| 101|0x00000006c6500000, 0x00000006c6500000, 0x00000006c6600000|  0%| F|  |TAMS 0x00000006c6500000, 0x00000006c6500000| Untracked 
| 102|0x00000006c6600000, 0x00000006c6600000, 0x00000006c6700000|  0%| F|  |TAMS 0x00000006c6600000, 0x00000006c6600000| Untracked 
| 103|0x00000006c6700000, 0x00000006c6700000, 0x00000006c6800000|  0%| F|  |TAMS 0x00000006c6700000, 0x00000006c6700000| Untracked 
| 104|0x00000006c6800000, 0x00000006c6800000, 0x00000006c6900000|  0%| F|  |TAMS 0x00000006c6800000, 0x00000006c6800000| Untracked 
| 105|0x00000006c6900000, 0x00000006c6900000, 0x00000006c6a00000|  0%| F|  |TAMS 0x00000006c6900000, 0x00000006c6900000| Untracked 
| 106|0x00000006c6a00000, 0x00000006c6a00000, 0x00000006c6b00000|  0%| F|  |TAMS 0x00000006c6a00000, 0x00000006c6a00000| Untracked 
| 107|0x00000006c6b00000, 0x00000006c6b00000, 0x00000006c6c00000|  0%| F|  |TAMS 0x00000006c6b00000, 0x00000006c6b00000| Untracked 
| 108|0x00000006c6c00000, 0x00000006c6c00000, 0x00000006c6d00000|  0%| F|  |TAMS 0x00000006c6c00000, 0x00000006c6c00000| Untracked 
| 109|0x00000006c6d00000, 0x00000006c6d00000, 0x00000006c6e00000|  0%| F|  |TAMS 0x00000006c6d00000, 0x00000006c6d00000| Untracked 
| 110|0x00000006c6e00000, 0x00000006c6e00000, 0x00000006c6f00000|  0%| F|  |TAMS 0x00000006c6e00000, 0x00000006c6e00000| Untracked 
| 111|0x00000006c6f00000, 0x00000006c6f00000, 0x00000006c7000000|  0%| F|  |TAMS 0x00000006c6f00000, 0x00000006c6f00000| Untracked 
| 112|0x00000006c7000000, 0x00000006c7000000, 0x00000006c7100000|  0%| F|  |TAMS 0x00000006c7000000, 0x00000006c7000000| Untracked 
| 113|0x00000006c7100000, 0x00000006c7100000, 0x00000006c7200000|  0%| F|  |TAMS 0x00000006c7100000, 0x00000006c7100000| Untracked 
| 114|0x00000006c7200000, 0x00000006c7200000, 0x00000006c7300000|  0%| F|  |TAMS 0x00000006c7200000, 0x00000006c7200000| Untracked 
| 115|0x00000006c7300000, 0x00000006c7300000, 0x00000006c7400000|  0%| F|  |TAMS 0x00000006c7300000, 0x00000006c7300000| Untracked 
| 116|0x00000006c7400000, 0x00000006c7400000, 0x00000006c7500000|  0%| F|  |TAMS 0x00000006c7400000, 0x00000006c7400000| Untracked 
| 117|0x00000006c7500000, 0x00000006c7500000, 0x00000006c7600000|  0%| F|  |TAMS 0x00000006c7500000, 0x00000006c7500000| Untracked 
| 118|0x00000006c7600000, 0x00000006c7600000, 0x00000006c7700000|  0%| F|  |TAMS 0x00000006c7600000, 0x00000006c7600000| Untracked 
| 119|0x00000006c7700000, 0x00000006c7700000, 0x00000006c7800000|  0%| F|  |TAMS 0x00000006c7700000, 0x00000006c7700000| Untracked 
| 120|0x00000006c7800000, 0x00000006c7800000, 0x00000006c7900000|  0%| F|  |TAMS 0x00000006c7800000, 0x00000006c7800000| Untracked 
| 121|0x00000006c7900000, 0x00000006c7900000, 0x00000006c7a00000|  0%| F|  |TAMS 0x00000006c7900000, 0x00000006c7900000| Untracked 
| 122|0x00000006c7a00000, 0x00000006c7a00000, 0x00000006c7b00000|  0%| F|  |TAMS 0x00000006c7a00000, 0x00000006c7a00000| Untracked 
| 123|0x00000006c7b00000, 0x00000006c7b00000, 0x00000006c7c00000|  0%| F|  |TAMS 0x00000006c7b00000, 0x00000006c7b00000| Untracked 
| 124|0x00000006c7c00000, 0x00000006c7c00000, 0x00000006c7d00000|  0%| F|  |TAMS 0x00000006c7c00000, 0x00000006c7c00000| Untracked 
| 125|0x00000006c7d00000, 0x00000006c7d00000, 0x00000006c7e00000|  0%| F|  |TAMS 0x00000006c7d00000, 0x00000006c7d00000| Untracked 
| 126|0x00000006c7e00000, 0x00000006c7e00000, 0x00000006c7f00000|  0%| F|  |TAMS 0x00000006c7e00000, 0x00000006c7e00000| Untracked 
| 127|0x00000006c7f00000, 0x00000006c7f00000, 0x00000006c8000000|  0%| F|  |TAMS 0x00000006c7f00000, 0x00000006c7f00000| Untracked 
| 128|0x00000006c8000000, 0x00000006c8000000, 0x00000006c8100000|  0%| F|  |TAMS 0x00000006c8000000, 0x00000006c8000000| Untracked 
| 129|0x00000006c8100000, 0x00000006c8100000, 0x00000006c8200000|  0%| F|  |TAMS 0x00000006c8100000, 0x00000006c8100000| Untracked 
| 130|0x00000006c8200000, 0x00000006c8200000, 0x00000006c8300000|  0%| F|  |TAMS 0x00000006c8200000, 0x00000006c8200000| Untracked 
| 131|0x00000006c8300000, 0x00000006c8300000, 0x00000006c8400000|  0%| F|  |TAMS 0x00000006c8300000, 0x00000006c8300000| Untracked 
| 132|0x00000006c8400000, 0x00000006c8400000, 0x00000006c8500000|  0%| F|  |TAMS 0x00000006c8400000, 0x00000006c8400000| Untracked 
| 133|0x00000006c8500000, 0x00000006c8500000, 0x00000006c8600000|  0%| F|  |TAMS 0x00000006c8500000, 0x00000006c8500000| Untracked 
| 134|0x00000006c8600000, 0x00000006c8600000, 0x00000006c8700000|  0%| F|  |TAMS 0x00000006c8600000, 0x00000006c8600000| Untracked 
| 135|0x00000006c8700000, 0x00000006c8700000, 0x00000006c8800000|  0%| F|  |TAMS 0x00000006c8700000, 0x00000006c8700000| Untracked 
| 136|0x00000006c8800000, 0x00000006c8800000, 0x00000006c8900000|  0%| F|  |TAMS 0x00000006c8800000, 0x00000006c8800000| Untracked 
| 137|0x00000006c8900000, 0x00000006c8900000, 0x00000006c8a00000|  0%| F|  |TAMS 0x00000006c8900000, 0x00000006c8900000| Untracked 
| 138|0x00000006c8a00000, 0x00000006c8a00000, 0x00000006c8b00000|  0%| F|  |TAMS 0x00000006c8a00000, 0x00000006c8a00000| Untracked 
| 139|0x00000006c8b00000, 0x00000006c8b00000, 0x00000006c8c00000|  0%| F|  |TAMS 0x00000006c8b00000, 0x00000006c8b00000| Untracked 
| 140|0x00000006c8c00000, 0x00000006c8c00000, 0x00000006c8d00000|  0%| F|  |TAMS 0x00000006c8c00000, 0x00000006c8c00000| Untracked 
| 141|0x00000006c8d00000, 0x00000006c8d00000, 0x00000006c8e00000|  0%| F|  |TAMS 0x00000006c8d00000, 0x00000006c8d00000| Untracked 
| 142|0x00000006c8e00000, 0x00000006c8e00000, 0x00000006c8f00000|  0%| F|  |TAMS 0x00000006c8e00000, 0x00000006c8e00000| Untracked 
| 143|0x00000006c8f00000, 0x00000006c8f00000, 0x00000006c9000000|  0%| F|  |TAMS 0x00000006c8f00000, 0x00000006c8f00000| Untracked 
| 144|0x00000006c9000000, 0x00000006c9000000, 0x00000006c9100000|  0%| F|  |TAMS 0x00000006c9000000, 0x00000006c9000000| Untracked 
| 145|0x00000006c9100000, 0x00000006c9100000, 0x00000006c9200000|  0%| F|  |TAMS 0x00000006c9100000, 0x00000006c9100000| Untracked 
| 146|0x00000006c9200000, 0x00000006c9200000, 0x00000006c9300000|  0%| F|  |TAMS 0x00000006c9200000, 0x00000006c9200000| Untracked 
| 147|0x00000006c9300000, 0x00000006c9300000, 0x00000006c9400000|  0%| F|  |TAMS 0x00000006c9300000, 0x00000006c9300000| Untracked 
| 148|0x00000006c9400000, 0x00000006c9400000, 0x00000006c9500000|  0%| F|  |TAMS 0x00000006c9400000, 0x00000006c9400000| Untracked 
| 149|0x00000006c9500000, 0x00000006c9500000, 0x00000006c9600000|  0%| F|  |TAMS 0x00000006c9500000, 0x00000006c9500000| Untracked 
| 150|0x00000006c9600000, 0x00000006c9600000, 0x00000006c9700000|  0%| F|  |TAMS 0x00000006c9600000, 0x00000006c9600000| Untracked 
| 151|0x00000006c9700000, 0x00000006c9700000, 0x00000006c9800000|  0%| F|  |TAMS 0x00000006c9700000, 0x00000006c9700000| Untracked 
| 152|0x00000006c9800000, 0x00000006c9800000, 0x00000006c9900000|  0%| F|  |TAMS 0x00000006c9800000, 0x00000006c9800000| Untracked 
| 153|0x00000006c9900000, 0x00000006c9900000, 0x00000006c9a00000|  0%| F|  |TAMS 0x00000006c9900000, 0x00000006c9900000| Untracked 
| 154|0x00000006c9a00000, 0x00000006c9a00000, 0x00000006c9b00000|  0%| F|  |TAMS 0x00000006c9a00000, 0x00000006c9a00000| Untracked 
| 155|0x00000006c9b00000, 0x00000006c9b00000, 0x00000006c9c00000|  0%| F|  |TAMS 0x00000006c9b00000, 0x00000006c9b00000| Untracked 
| 156|0x00000006c9c00000, 0x00000006c9c00000, 0x00000006c9d00000|  0%| F|  |TAMS 0x00000006c9c00000, 0x00000006c9c00000| Untracked 
| 157|0x00000006c9d00000, 0x00000006c9d00000, 0x00000006c9e00000|  0%| F|  |TAMS 0x00000006c9d00000, 0x00000006c9d00000| Untracked 
| 158|0x00000006c9e00000, 0x00000006c9e00000, 0x00000006c9f00000|  0%| F|  |TAMS 0x00000006c9e00000, 0x00000006c9e00000| Untracked 
| 159|0x00000006c9f00000, 0x00000006c9f00000, 0x00000006ca000000|  0%| F|  |TAMS 0x00000006c9f00000, 0x00000006c9f00000| Untracked 
| 160|0x00000006ca000000, 0x00000006ca000000, 0x00000006ca100000|  0%| F|  |TAMS 0x00000006ca000000, 0x00000006ca000000| Untracked 
| 161|0x00000006ca100000, 0x00000006ca100000, 0x00000006ca200000|  0%| F|  |TAMS 0x00000006ca100000, 0x00000006ca100000| Untracked 
| 162|0x00000006ca200000, 0x00000006ca200000, 0x00000006ca300000|  0%| F|  |TAMS 0x00000006ca200000, 0x00000006ca200000| Untracked 
| 163|0x00000006ca300000, 0x00000006ca300000, 0x00000006ca400000|  0%| F|  |TAMS 0x00000006ca300000, 0x00000006ca300000| Untracked 
| 164|0x00000006ca400000, 0x00000006ca400000, 0x00000006ca500000|  0%| F|  |TAMS 0x00000006ca400000, 0x00000006ca400000| Untracked 
| 165|0x00000006ca500000, 0x00000006ca500000, 0x00000006ca600000|  0%| F|  |TAMS 0x00000006ca500000, 0x00000006ca500000| Untracked 
| 166|0x00000006ca600000, 0x00000006ca600000, 0x00000006ca700000|  0%| F|  |TAMS 0x00000006ca600000, 0x00000006ca600000| Untracked 
| 167|0x00000006ca700000, 0x00000006ca700000, 0x00000006ca800000|  0%| F|  |TAMS 0x00000006ca700000, 0x00000006ca700000| Untracked 
| 168|0x00000006ca800000, 0x00000006ca800000, 0x00000006ca900000|  0%| F|  |TAMS 0x00000006ca800000, 0x00000006ca800000| Untracked 
| 169|0x00000006ca900000, 0x00000006ca900000, 0x00000006caa00000|  0%| F|  |TAMS 0x00000006ca900000, 0x00000006ca900000| Untracked 
| 170|0x00000006caa00000, 0x00000006caa00000, 0x00000006cab00000|  0%| F|  |TAMS 0x00000006caa00000, 0x00000006caa00000| Untracked 
| 171|0x00000006cab00000, 0x00000006cab00000, 0x00000006cac00000|  0%| F|  |TAMS 0x00000006cab00000, 0x00000006cab00000| Untracked 
| 172|0x00000006cac00000, 0x00000006cac00000, 0x00000006cad00000|  0%| F|  |TAMS 0x00000006cac00000, 0x00000006cac00000| Untracked 
| 173|0x00000006cad00000, 0x00000006cad00000, 0x00000006cae00000|  0%| F|  |TAMS 0x00000006cad00000, 0x00000006cad00000| Untracked 
| 174|0x00000006cae00000, 0x00000006cae00000, 0x00000006caf00000|  0%| F|  |TAMS 0x00000006cae00000, 0x00000006cae00000| Untracked 
| 175|0x00000006caf00000, 0x00000006caf00000, 0x00000006cb000000|  0%| F|  |TAMS 0x00000006caf00000, 0x00000006caf00000| Untracked 
| 176|0x00000006cb000000, 0x00000006cb000000, 0x00000006cb100000|  0%| F|  |TAMS 0x00000006cb000000, 0x00000006cb000000| Untracked 
| 177|0x00000006cb100000, 0x00000006cb100000, 0x00000006cb200000|  0%| F|  |TAMS 0x00000006cb100000, 0x00000006cb100000| Untracked 
| 178|0x00000006cb200000, 0x00000006cb200000, 0x00000006cb300000|  0%| F|  |TAMS 0x00000006cb200000, 0x00000006cb200000| Untracked 
| 179|0x00000006cb300000, 0x00000006cb300000, 0x00000006cb400000|  0%| F|  |TAMS 0x00000006cb300000, 0x00000006cb300000| Untracked 
| 180|0x00000006cb400000, 0x00000006cb400000, 0x00000006cb500000|  0%| F|  |TAMS 0x00000006cb400000, 0x00000006cb400000| Untracked 
| 181|0x00000006cb500000, 0x00000006cb500000, 0x00000006cb600000|  0%| F|  |TAMS 0x00000006cb500000, 0x00000006cb500000| Untracked 
| 182|0x00000006cb600000, 0x00000006cb600000, 0x00000006cb700000|  0%| F|  |TAMS 0x00000006cb600000, 0x00000006cb600000| Untracked 
| 183|0x00000006cb700000, 0x00000006cb700000, 0x00000006cb800000|  0%| F|  |TAMS 0x00000006cb700000, 0x00000006cb700000| Untracked 
| 184|0x00000006cb800000, 0x00000006cb800000, 0x00000006cb900000|  0%| F|  |TAMS 0x00000006cb800000, 0x00000006cb800000| Untracked 
| 185|0x00000006cb900000, 0x00000006cb900000, 0x00000006cba00000|  0%| F|  |TAMS 0x00000006cb900000, 0x00000006cb900000| Untracked 
| 186|0x00000006cba00000, 0x00000006cba00000, 0x00000006cbb00000|  0%| F|  |TAMS 0x00000006cba00000, 0x00000006cba00000| Untracked 
| 187|0x00000006cbb00000, 0x00000006cbb00000, 0x00000006cbc00000|  0%| F|  |TAMS 0x00000006cbb00000, 0x00000006cbb00000| Untracked 
| 188|0x00000006cbc00000, 0x00000006cbc00000, 0x00000006cbd00000|  0%| F|  |TAMS 0x00000006cbc00000, 0x00000006cbc00000| Untracked 
| 189|0x00000006cbd00000, 0x00000006cbd00000, 0x00000006cbe00000|  0%| F|  |TAMS 0x00000006cbd00000, 0x00000006cbd00000| Untracked 
| 190|0x00000006cbe00000, 0x00000006cbe00000, 0x00000006cbf00000|  0%| F|  |TAMS 0x00000006cbe00000, 0x00000006cbe00000| Untracked 
| 191|0x00000006cbf00000, 0x00000006cbf00000, 0x00000006cc000000|  0%| F|  |TAMS 0x00000006cbf00000, 0x00000006cbf00000| Untracked 
| 192|0x00000006cc000000, 0x00000006cc000000, 0x00000006cc100000|  0%| F|  |TAMS 0x00000006cc000000, 0x00000006cc000000| Untracked 
| 193|0x00000006cc100000, 0x00000006cc100000, 0x00000006cc200000|  0%| F|  |TAMS 0x00000006cc100000, 0x00000006cc100000| Untracked 
| 194|0x00000006cc200000, 0x00000006cc200000, 0x00000006cc300000|  0%| F|  |TAMS 0x00000006cc200000, 0x00000006cc200000| Untracked 
| 195|0x00000006cc300000, 0x00000006cc300000, 0x00000006cc400000|  0%| F|  |TAMS 0x00000006cc300000, 0x00000006cc300000| Untracked 
| 196|0x00000006cc400000, 0x00000006cc400000, 0x00000006cc500000|  0%| F|  |TAMS 0x00000006cc400000, 0x00000006cc400000| Untracked 
| 197|0x00000006cc500000, 0x00000006cc500000, 0x00000006cc600000|  0%| F|  |TAMS 0x00000006cc500000, 0x00000006cc500000| Untracked 
| 198|0x00000006cc600000, 0x00000006cc600000, 0x00000006cc700000|  0%| F|  |TAMS 0x00000006cc600000, 0x00000006cc600000| Untracked 
| 199|0x00000006cc700000, 0x00000006cc700000, 0x00000006cc800000|  0%| F|  |TAMS 0x00000006cc700000, 0x00000006cc700000| Untracked 
| 200|0x00000006cc800000, 0x00000006cc800000, 0x00000006cc900000|  0%| F|  |TAMS 0x00000006cc800000, 0x00000006cc800000| Untracked 
| 201|0x00000006cc900000, 0x00000006cc900000, 0x00000006cca00000|  0%| F|  |TAMS 0x00000006cc900000, 0x00000006cc900000| Untracked 
| 202|0x00000006cca00000, 0x00000006cca00000, 0x00000006ccb00000|  0%| F|  |TAMS 0x00000006cca00000, 0x00000006cca00000| Untracked 
| 203|0x00000006ccb00000, 0x00000006ccb00000, 0x00000006ccc00000|  0%| F|  |TAMS 0x00000006ccb00000, 0x00000006ccb00000| Untracked 
| 204|0x00000006ccc00000, 0x00000006ccc00000, 0x00000006ccd00000|  0%| F|  |TAMS 0x00000006ccc00000, 0x00000006ccc00000| Untracked 
| 205|0x00000006ccd00000, 0x00000006ccd00000, 0x00000006cce00000|  0%| F|  |TAMS 0x00000006ccd00000, 0x00000006ccd00000| Untracked 
| 206|0x00000006cce00000, 0x00000006cce00000, 0x00000006ccf00000|  0%| F|  |TAMS 0x00000006cce00000, 0x00000006cce00000| Untracked 
| 207|0x00000006ccf00000, 0x00000006ccf00000, 0x00000006cd000000|  0%| F|  |TAMS 0x00000006ccf00000, 0x00000006ccf00000| Untracked 
| 208|0x00000006cd000000, 0x00000006cd000000, 0x00000006cd100000|  0%| F|  |TAMS 0x00000006cd000000, 0x00000006cd000000| Untracked 
| 209|0x00000006cd100000, 0x00000006cd100000, 0x00000006cd200000|  0%| F|  |TAMS 0x00000006cd100000, 0x00000006cd100000| Untracked 
| 210|0x00000006cd200000, 0x00000006cd200000, 0x00000006cd300000|  0%| F|  |TAMS 0x00000006cd200000, 0x00000006cd200000| Untracked 
| 211|0x00000006cd300000, 0x00000006cd300000, 0x00000006cd400000|  0%| F|  |TAMS 0x00000006cd300000, 0x00000006cd300000| Untracked 
| 212|0x00000006cd400000, 0x00000006cd400000, 0x00000006cd500000|  0%| F|  |TAMS 0x00000006cd400000, 0x00000006cd400000| Untracked 
| 213|0x00000006cd500000, 0x00000006cd500000, 0x00000006cd600000|  0%| F|  |TAMS 0x00000006cd500000, 0x00000006cd500000| Untracked 
| 214|0x00000006cd600000, 0x00000006cd600000, 0x00000006cd700000|  0%| F|  |TAMS 0x00000006cd600000, 0x00000006cd600000| Untracked 
| 215|0x00000006cd700000, 0x00000006cd700000, 0x00000006cd800000|  0%| F|  |TAMS 0x00000006cd700000, 0x00000006cd700000| Untracked 
| 216|0x00000006cd800000, 0x00000006cd800000, 0x00000006cd900000|  0%| F|  |TAMS 0x00000006cd800000, 0x00000006cd800000| Untracked 
| 217|0x00000006cd900000, 0x00000006cd900000, 0x00000006cda00000|  0%| F|  |TAMS 0x00000006cd900000, 0x00000006cd900000| Untracked 
| 218|0x00000006cda00000, 0x00000006cda00000, 0x00000006cdb00000|  0%| F|  |TAMS 0x00000006cda00000, 0x00000006cda00000| Untracked 
| 219|0x00000006cdb00000, 0x00000006cdb00000, 0x00000006cdc00000|  0%| F|  |TAMS 0x00000006cdb00000, 0x00000006cdb00000| Untracked 
| 220|0x00000006cdc00000, 0x00000006cdc00000, 0x00000006cdd00000|  0%| F|  |TAMS 0x00000006cdc00000, 0x00000006cdc00000| Untracked 
| 221|0x00000006cdd00000, 0x00000006cdd00000, 0x00000006cde00000|  0%| F|  |TAMS 0x00000006cdd00000, 0x00000006cdd00000| Untracked 
| 222|0x00000006cde00000, 0x00000006cde00000, 0x00000006cdf00000|  0%| F|  |TAMS 0x00000006cde00000, 0x00000006cde00000| Untracked 
| 223|0x00000006cdf00000, 0x00000006cdf00000, 0x00000006ce000000|  0%| F|  |TAMS 0x00000006cdf00000, 0x00000006cdf00000| Untracked 
| 224|0x00000006ce000000, 0x00000006ce000000, 0x00000006ce100000|  0%| F|  |TAMS 0x00000006ce000000, 0x00000006ce000000| Untracked 
| 225|0x00000006ce100000, 0x00000006ce100000, 0x00000006ce200000|  0%| F|  |TAMS 0x00000006ce100000, 0x00000006ce100000| Untracked 
| 226|0x00000006ce200000, 0x00000006ce200000, 0x00000006ce300000|  0%| F|  |TAMS 0x00000006ce200000, 0x00000006ce200000| Untracked 
| 227|0x00000006ce300000, 0x00000006ce300000, 0x00000006ce400000|  0%| F|  |TAMS 0x00000006ce300000, 0x00000006ce300000| Untracked 
| 228|0x00000006ce400000, 0x00000006ce400000, 0x00000006ce500000|  0%| F|  |TAMS 0x00000006ce400000, 0x00000006ce400000| Untracked 
| 229|0x00000006ce500000, 0x00000006ce500000, 0x00000006ce600000|  0%| F|  |TAMS 0x00000006ce500000, 0x00000006ce500000| Untracked 
| 230|0x00000006ce600000, 0x00000006ce600000, 0x00000006ce700000|  0%| F|  |TAMS 0x00000006ce600000, 0x00000006ce600000| Untracked 
| 231|0x00000006ce700000, 0x00000006ce700000, 0x00000006ce800000|  0%| F|  |TAMS 0x00000006ce700000, 0x00000006ce700000| Untracked 
| 232|0x00000006ce800000, 0x00000006ce800000, 0x00000006ce900000|  0%| F|  |TAMS 0x00000006ce800000, 0x00000006ce800000| Untracked 
| 233|0x00000006ce900000, 0x00000006ce900000, 0x00000006cea00000|  0%| F|  |TAMS 0x00000006ce900000, 0x00000006ce900000| Untracked 
| 234|0x00000006cea00000, 0x00000006cea00000, 0x00000006ceb00000|  0%| F|  |TAMS 0x00000006cea00000, 0x00000006cea00000| Untracked 
| 235|0x00000006ceb00000, 0x00000006ceb00000, 0x00000006cec00000|  0%| F|  |TAMS 0x00000006ceb00000, 0x00000006ceb00000| Untracked 
| 236|0x00000006cec00000, 0x00000006cec00000, 0x00000006ced00000|  0%| F|  |TAMS 0x00000006cec00000, 0x00000006cec00000| Untracked 
| 237|0x00000006ced00000, 0x00000006ced00000, 0x00000006cee00000|  0%| F|  |TAMS 0x00000006ced00000, 0x00000006ced00000| Untracked 
| 238|0x00000006cee00000, 0x00000006cee00000, 0x00000006cef00000|  0%| F|  |TAMS 0x00000006cee00000, 0x00000006cee00000| Untracked 
| 239|0x00000006cef00000, 0x00000006cef00000, 0x00000006cf000000|  0%| F|  |TAMS 0x00000006cef00000, 0x00000006cef00000| Untracked 
| 240|0x00000006cf000000, 0x00000006cf000000, 0x00000006cf100000|  0%| F|  |TAMS 0x00000006cf000000, 0x00000006cf000000| Untracked 
| 241|0x00000006cf100000, 0x00000006cf100000, 0x00000006cf200000|  0%| F|  |TAMS 0x00000006cf100000, 0x00000006cf100000| Untracked 
| 242|0x00000006cf200000, 0x00000006cf200000, 0x00000006cf300000|  0%| F|  |TAMS 0x00000006cf200000, 0x00000006cf200000| Untracked 
| 243|0x00000006cf300000, 0x00000006cf300000, 0x00000006cf400000|  0%| F|  |TAMS 0x00000006cf300000, 0x00000006cf300000| Untracked 
| 244|0x00000006cf400000, 0x00000006cf400000, 0x00000006cf500000|  0%| F|  |TAMS 0x00000006cf400000, 0x00000006cf400000| Untracked 
| 245|0x00000006cf500000, 0x00000006cf500000, 0x00000006cf600000|  0%| F|  |TAMS 0x00000006cf500000, 0x00000006cf500000| Untracked 
| 246|0x00000006cf600000, 0x00000006cf600000, 0x00000006cf700000|  0%| F|  |TAMS 0x00000006cf600000, 0x00000006cf600000| Untracked 
| 247|0x00000006cf700000, 0x00000006cf700000, 0x00000006cf800000|  0%| F|  |TAMS 0x00000006cf700000, 0x00000006cf700000| Untracked 
| 248|0x00000006cf800000, 0x00000006cf800000, 0x00000006cf900000|  0%| F|  |TAMS 0x00000006cf800000, 0x00000006cf800000| Untracked 
| 249|0x00000006cf900000, 0x00000006cf900000, 0x00000006cfa00000|  0%| F|  |TAMS 0x00000006cf900000, 0x00000006cf900000| Untracked 
| 250|0x00000006cfa00000, 0x00000006cfa00000, 0x00000006cfb00000|  0%| F|  |TAMS 0x00000006cfa00000, 0x00000006cfa00000| Untracked 
| 251|0x00000006cfb00000, 0x00000006cfb80970, 0x00000006cfc00000| 50%| E|  |TAMS 0x00000006cfb00000, 0x00000006cfb00000| Complete 
| 252|0x00000006cfc00000, 0x00000006cfd00000, 0x00000006cfd00000|100%| E|CS|TAMS 0x00000006cfc00000, 0x00000006cfc00000| Complete 
| 253|0x00000006cfd00000, 0x00000006cfe00000, 0x00000006cfe00000|100%| E|CS|TAMS 0x00000006cfd00000, 0x00000006cfd00000| Complete 
| 254|0x00000006cfe00000, 0x00000006cff00000, 0x00000006cff00000|100%| E|  |TAMS 0x00000006cfe00000, 0x00000006cfe00000| Complete 
| 255|0x00000006cff00000, 0x00000006d0000000, 0x00000006d0000000|100%| E|CS|TAMS 0x00000006cff00000, 0x00000006cff00000| Complete 

Card table byte_map: [0x000000011e0e4000,0x000000011e8e4000] _byte_map_base: 0x000000011aae4000

Marking Bits (Prev, Next): (CMBitMap*) 0x0000000124849e18, (CMBitMap*) 0x0000000124849e50
 Prev Bits: [0x000000011f0e4000, 0x00000001230e4000)
 Next Bits: [0x0000000138000000, 0x000000013c000000)

Polling page: 0x000000010507c000

Metaspace:

Usage:
  Non-class:      5.48 MB capacity,     5.37 MB ( 98%) used,   111.49 KB (  2%) free+waste,     2.38 KB ( <1%) overhead. 
      Class:    533.00 KB capacity,   492.58 KB ( 92%) used,    39.30 KB (  7%) free+waste,     1.12 KB ( <1%) overhead. 
       Both:      6.00 MB capacity,     5.85 MB ( 97%) used,   150.79 KB (  2%) free+waste,     3.50 KB ( <1%) overhead. 

Virtual space:
  Non-class space:        8.00 MB reserved,       5.50 MB ( 69%) committed 
      Class space:        1.00 GB reserved,     640.00 KB ( <1%) committed 
             Both:        1.01 GB reserved,       6.12 MB ( <1%) committed 

Chunk freelists:
   Non-Class:  23.00 KB
       Class:  11.00 KB
        Both:  34.00 KB

MaxMetaspaceSize: unlimited
CompressedClassSpaceSize: 1.00 GB
Initial GC threshold: 20.80 MB
Current GC threshold: 20.80 MB
CDS: off

CodeHeap 'non-profiled nmethods': size=120032Kb used=63Kb max_used=63Kb free=119968Kb
 bounds [0x0000000116bac000, 0x0000000116e1c000, 0x000000011e0e4000]
CodeHeap 'profiled nmethods': size=120016Kb used=359Kb max_used=359Kb free=119656Kb
 bounds [0x000000010f678000, 0x000000010f8e8000, 0x0000000116bac000]
CodeHeap 'non-nmethods': size=5712Kb used=1048Kb max_used=1073Kb free=4663Kb
 bounds [0x000000010f0e4000, 0x000000010f354000, 0x000000010f678000]
 total_blobs=554 nmethods=238 adapters=233
 compilation: enabled
              stopped_count=0, restarted_count=0
 full_count=0

Compilation events (20 events):
Event: 0.075 Thread 0x0000000124929000  226   !   3       jdk.internal.loader.URLClassPath$JarLoader::getResource (65 bytes)
Event: 0.075 Thread 0x0000000124929000 nmethod 226 0x000000010f6c7d90 code [0x000000010f6c8100, 0x000000010f6c90e0]
Event: 0.075 Thread 0x0000000124929000  229       3       java.util.zip.ZipFile$1::getEntry (10 bytes)
Event: 0.075 Thread 0x0000000124929000 nmethod 229 0x000000010f6c9690 code [0x000000010f6c9840, 0x000000010f6c9b40]
Event: 0.075 Thread 0x0000000124929000  230   !   3       java.util.zip.ZipFile::getEntry (73 bytes)
Event: 0.075 Thread 0x0000000124913000 nmethod 224% 0x0000000116bbb890 code [0x0000000116bbba40, 0x0000000116bbbc90]
Event: 0.076 Thread 0x0000000124929000 nmethod 230 0x000000010f6c9c10 code [0x000000010f6c9e40, 0x000000010f6ca600]
Event: 0.076 Thread 0x0000000124929000  231   !   3       java.util.jar.JarFile::checkForSpecialAttributes (163 bytes)
Event: 0.076 Thread 0x0000000124929000 nmethod 231 0x000000010f6ca990 code [0x000000010f6cad80, 0x000000010f6cc2d0]
Event: 0.076 Thread 0x0000000124929000  234       3       java.util.zip.ZipFile$Source::getEntryPos (206 bytes)
Event: 0.076 Thread 0x0000000124929000 nmethod 234 0x000000010f6ccb90 code [0x000000010f6cce80, 0x000000010f6cdc30]
Event: 0.076 Thread 0x0000000124929000  233       3       java.lang.StringLatin1::indexOf (121 bytes)
Event: 0.076 Thread 0x0000000124929000 nmethod 233 0x000000010f6ce210 code [0x000000010f6ce400, 0x000000010f6ce910]
Event: 0.076 Thread 0x0000000124929000  236   !   3       jdk.internal.loader.URLClassPath$JarLoader::ensureOpen (36 bytes)
Event: 0.076 Thread 0x0000000124929000 nmethod 236 0x000000010f6ceb10 code [0x000000010f6ced40, 0x000000010f6cf270]
Event: 0.077 Thread 0x0000000124929000  235       3       java.util.zip.ZipFile$Source::hash_append (7 bytes)
Event: 0.077 Thread 0x0000000124929000 nmethod 235 0x000000010f6cf490 code [0x000000010f6cf640, 0x000000010f6cf790]
Event: 0.077 Thread 0x0000000124929000  232       3       java.lang.AbstractStringBuilder::newCapacity (55 bytes)
Event: 0.077 Thread 0x0000000124929000 nmethod 232 0x000000010f6cf810 code [0x000000010f6cf9c0, 0x000000010f6cfc80]
Event: 0.077 Thread 0x0000000124929000  237       3       java.lang.String::substring (58 bytes)

GC Heap History (0 events):
No events

Deoptimization events (6 events):
Event: 0.038 Thread 0x000000012480a000 Uncommon trap: trap_request=0xffffff4d fr.pc=0x0000000116bb12b0 relative=0x0000000000000170
Event: 0.038 Thread 0x000000012480a000 Uncommon trap: reason=unstable_if action=reinterpret pc=0x0000000116bb12b0 method=java.lang.String.hashCode()I @ 14 c2
Event: 0.038 Thread 0x000000012480a000 DEOPT PACKING pc=0x0000000116bb12b0 sp=0x000000016b19d280
Event: 0.038 Thread 0x000000012480a000 DEOPT UNPACKING pc=0x000000010f118d9c sp=0x000000016b19d220 mode 2
Event: 0.076 Thread 0x000000012480a000 DEOPT PACKING pc=0x000000010f6bda5c sp=0x000000016b19c260
Event: 0.076 Thread 0x000000012480a000 DEOPT UNPACKING pc=0x000000010f11927c sp=0x000000016b19bfb0 mode 0

Classes redefined (0 events):
No events

Internal exceptions (4 events):
Event: 0.041 Thread 0x000000012480a000 Exception <a 'java/lang/NoSuchMethodError'{0x00000006cfe2e178}: 'java.lang.Object java.lang.invoke.DirectMethodHandle$Holder.invokeStaticInit(java.lang.Object)'> (0x00000006cfe2e178) thrown at [src/hotspot/share/interpreter/linkResolver.cpp, line 773]
Event: 0.043 Thread 0x000000012480a000 Exception <a 'java/lang/NoSuchMethodError'{0x00000006cfe344b8}: 'java.lang.Object java.lang.invoke.Invokers$Holder.invokeExact_MT(java.lang.Object, java.lang.Object, java.lang.Object, java.lang.Object, java.lang.Object, java.lang.Object, java.lang.Object, java.lang.Object)'> (0x00000006cfe344b8) thrown at [src/hotspot/share/interpreter/linkResolver.cpp, line 773]
Event: 0.046 Thread 0x000000012480a000 Exception <a 'java/lang/NoSuchMethodError'{0x00000006cfe44f40}: 'java.lang.Object java.lang.invoke.Invokers$Holder.linkToTargetMethod(java.lang.Object)'> (0x00000006cfe44f40) thrown at [src/hotspot/share/interpreter/linkResolver.cpp, line 773]
Event: 0.054 Thread 0x000000012480a000 Exception <a 'java/lang/ClassNotFoundException'{0x00000006cfe5a4a0}: com/azul/tooling/Handler> (0x00000006cfe5a4a0) thrown at [src/hotspot/share/classfile/systemDictionary.cpp, line 233]

Events (20 events):
Event: 0.073 loading class oracle/jdbc/internal/OracleConnection
Event: 0.073 loading class oracle/jdbc/internal/OracleConnection done
Event: 0.073 loading class oracle/jdbc/OracleConnection
Event: 0.073 loading class oracle/jdbc/OracleConnection done
Event: 0.074 loading class oracle/jdbc/internal/ACProxyable
Event: 0.074 loading class oracle/jdbc/internal/ACProxyable done
Event: 0.074 loading class oracle/jdbc/internal/Monitor
Event: 0.074 loading class oracle/jdbc/internal/Monitor done
Event: 0.075 loading class java/lang/PublicMethods$MethodList
Event: 0.075 loading class java/lang/PublicMethods$MethodList done
Event: 0.075 loading class oracle/jdbc/driver/OracleConnection
Event: 0.075 loading class oracle/jdbc/driver/OracleConnection done
Event: 0.076 loading class oracle/jdbc/internal/ClientDataSupport
Event: 0.076 loading class oracle/jdbc/internal/ClientDataSupport done
Event: 0.076 loading class oracle/jdbc/OracleConnectionWrapper
Event: 0.076 loading class oracle/jdbc/OracleConnectionWrapper done
Event: 0.077 loading class java/lang/PublicMethods$Key
Event: 0.077 loading class java/lang/PublicMethods$Key done
Event: 0.077 loading class java/lang/Class$EnclosingMethodInfo
Event: 0.077 loading class java/lang/Class$EnclosingMethodInfo done


Dynamic libraries:
0x0000000105028000 	/Library/Java/JavaVirtualMachines/zulu-11.jdk/Contents/Home/lib/jli/libjli.dylib
0x00000001a3d1a000 	/System/Library/Frameworks/Cocoa.framework/Versions/A/Cocoa
0x0000000190293000 	/System/Library/Frameworks/AppKit.framework/Versions/C/AppKit
0x00000001937c9000 	/System/Library/Frameworks/CoreData.framework/Versions/A/CoreData
0x000000018e5f0000 	/System/Library/Frameworks/Foundation.framework/Versions/C/Foundation
0x0000000198115000 	/usr/lib/libSystem.B.dylib
0x000000019114a000 	/System/Library/PrivateFrameworks/UIFoundation.framework/Versions/A/UIFoundation
0x000000019e013000 	/System/Library/PrivateFrameworks/RemoteViewServices.framework/Versions/A/RemoteViewServices
0x000000019662c000 	/System/Library/PrivateFrameworks/XCTTargetBootstrap.framework/Versions/A/XCTTargetBootstrap
0x0000000199e16000 	/System/Library/PrivateFrameworks/InternationalSupport.framework/Versions/A/InternationalSupport
0x0000000199e9f000 	/System/Library/PrivateFrameworks/UserActivity.framework/Versions/A/UserActivity
0x0000000199344000 	/usr/lib/libspindump.dylib
0x00000001913ba000 	/System/Library/Frameworks/UniformTypeIdentifiers.framework/Versions/A/UniformTypeIdentifiers
0x0000000194bb9000 	/usr/lib/libapp_launch_measurement.dylib
0x0000000194131000 	/System/Library/PrivateFrameworks/CoreAnalytics.framework/Versions/A/CoreAnalytics
0x0000000194bbc000 	/System/Library/PrivateFrameworks/CoreAutoLayout.framework/Versions/A/CoreAutoLayout
0x0000000195f2f000 	/System/Library/Frameworks/Metal.framework/Versions/A/Metal
0x0000000196c7e000 	/usr/lib/liblangid.dylib
0x0000000196630000 	/System/Library/PrivateFrameworks/CoreSVG.framework/Versions/A/CoreSVG
0x0000000192881000 	/System/Library/PrivateFrameworks/SkyLight.framework/Versions/A/SkyLight
0x0000000192c4e000 	/System/Library/Frameworks/CoreGraphics.framework/Versions/A/CoreGraphics
0x000000019e691000 	/System/Library/Frameworks/Accelerate.framework/Versions/A/Accelerate
0x0000000198db8000 	/System/Library/PrivateFrameworks/IconServices.framework/Versions/A/IconServices
0x0000000195f11000 	/System/Library/Frameworks/IOSurface.framework/Versions/A/IOSurface
0x0000000194161000 	/usr/lib/libDiagnosticMessagesClient.dylib
0x0000000198065000 	/usr/lib/libz.1.dylib
0x00000001a1ada000 	/System/Library/Frameworks/ApplicationServices.framework/Versions/A/ApplicationServices
0x0000000196614000 	/System/Library/PrivateFrameworks/DFRFoundation.framework/Versions/A/DFRFoundation
0x000000018fb34000 	/usr/lib/libicucore.A.dylib
0x000000019ac17000 	/System/Library/Frameworks/AudioToolbox.framework/Versions/A/AudioToolbox
0x0000000199e22000 	/System/Library/PrivateFrameworks/DataDetectorsCore.framework/Versions/A/DataDetectorsCore
0x00000001aff70000 	/System/Library/PrivateFrameworks/TextInput.framework/Versions/A/TextInput
0x00000001927f8000 	/usr/lib/libMobileGestalt.dylib
0x00000001962e4000 	/System/Library/Frameworks/Carbon.framework/Versions/A/Frameworks/HIToolbox.framework/Versions/A/HIToolbox
0x00000001945c2000 	/System/Library/Frameworks/QuartzCore.framework/Versions/A/QuartzCore
0x000000018f7b1000 	/System/Library/Frameworks/Security.framework/Versions/A/Security
0x000000019e053000 	/System/Library/Frameworks/Carbon.framework/Versions/A/Frameworks/SpeechRecognition.framework/Versions/A/SpeechRecognition
0x0000000194910000 	/System/Library/PrivateFrameworks/CoreUI.framework/Versions/A/CoreUI
0x000000018f082000 	/System/Library/Frameworks/CoreAudio.framework/Versions/A/CoreAudio
0x0000000194255000 	/System/Library/Frameworks/DiskArbitration.framework/Versions/A/DiskArbitration
0x0000000199729000 	/System/Library/PrivateFrameworks/MultitouchSupport.framework/Versions/A/MultitouchSupport
0x00000001927f6000 	/usr/lib/libenergytrace.dylib
0x000000019015d000 	/System/Library/Frameworks/IOKit.framework/Versions/A/IOKit
0x000000019e43c000 	/System/Library/Frameworks/CoreServices.framework/Versions/A/CoreServices
0x0000000194b49000 	/System/Library/PrivateFrameworks/PerformanceAnalysis.framework/Versions/A/PerformanceAnalysis
0x00000001eeb1d000 	/System/Library/Frameworks/OpenGL.framework/Versions/A/OpenGL
0x00000001976cf000 	/System/Library/PrivateFrameworks/MobileKeyBag.framework/Versions/A/MobileKeyBag
0x000000018d53a000 	/usr/lib/libobjc.A.dylib
0x000000019325e000 	/System/Library/Frameworks/ColorSync.framework/Versions/A/ColorSync
0x000000018d6fc000 	/System/Library/Frameworks/CoreFoundation.framework/Versions/A/CoreFoundation
0x00000001968b1000 	/System/Library/Frameworks/CoreImage.framework/Versions/A/CoreImage
0x000000018eea5000 	/System/Library/Frameworks/CoreText.framework/Versions/A/CoreText
0x0000000196660000 	/System/Library/Frameworks/ImageIO.framework/Versions/A/ImageIO
0x000000019811b000 	/System/Library/PrivateFrameworks/SoftLinking.framework/Versions/A/SoftLinking
0x0000000194c06000 	/usr/lib/libxml2.2.dylib
0x000000018d5fa000 	/usr/lib/libc++.1.dylib
0x00000001983b4000 	/usr/lib/libcompression.dylib
0x0000000199d6f000 	/System/Library/PrivateFrameworks/TextureIO.framework/Versions/A/TextureIO
0x0000000198ad2000 	/usr/lib/libate.dylib
0x000000019810f000 	/usr/lib/system/libcache.dylib
0x00000001980cd000 	/usr/lib/system/libcommonCrypto.dylib
0x00000001980f6000 	/usr/lib/system/libcompiler_rt.dylib
0x00000001980ed000 	/usr/lib/system/libcopyfile.dylib
0x000000018d44e000 	/usr/lib/system/libcorecrypto.dylib
0x000000018d4f3000 	/usr/lib/system/libdispatch.dylib
0x000000018d6bb000 	/usr/lib/system/libdyld.dylib
0x0000000198105000 	/usr/lib/system/libkeymgr.dylib
0x00000001980af000 	/usr/lib/system/libmacho.dylib
0x00000001977af000 	/usr/lib/system/libquarantine.dylib
0x0000000198102000 	/usr/lib/system/libremovefile.dylib
0x000000019284d000 	/usr/lib/system/libsystem_asl.dylib
0x000000018d3f8000 	/usr/lib/system/libsystem_blocks.dylib
0x000000018d579000 	/usr/lib/system/libsystem_c.dylib
0x00000001980fa000 	/usr/lib/system/libsystem_collections.dylib
0x0000000196c6e000 	/usr/lib/system/libsystem_configuration.dylib
0x0000000195ef2000 	/usr/lib/system/libsystem_containermanager.dylib
0x0000000197e16000 	/usr/lib/system/libsystem_coreservices.dylib
0x000000018fddf000 	/usr/lib/system/libsystem_darwin.dylib
0x0000000198106000 	/usr/lib/system/libsystem_dnssd.dylib
0x000000018d576000 	/usr/lib/system/libsystem_featureflags.dylib
0x000000018d6d0000 	/usr/lib/system/libsystem_info.dylib
0x0000000198077000 	/usr/lib/system/libsystem_m.dylib
0x000000018d4c8000 	/usr/lib/system/libsystem_malloc.dylib
0x00000001927de000 	/usr/lib/system/libsystem_networkextension.dylib
0x0000000190233000 	/usr/lib/system/libsystem_notify.dylib
0x000000019e319000 	/usr/lib/system/libsystem_product_info_filter.dylib
0x0000000196c73000 	/usr/lib/system/libsystem_sandbox.dylib
0x00000001980ff000 	/usr/lib/system/libsystem_secinit.dylib
0x000000018d678000 	/usr/lib/system/libsystem_kernel.dylib
0x000000018d6c8000 	/usr/lib/system/libsystem_platform.dylib
0x000000018d6ae000 	/usr/lib/system/libsystem_pthread.dylib
0x0000000193f8a000 	/usr/lib/system/libsystem_symptoms.dylib
0x000000018d434000 	/usr/lib/system/libsystem_trace.dylib
0x00000001980da000 	/usr/lib/system/libunwind.dylib
0x000000018d3fa000 	/usr/lib/system/libxpc.dylib
0x000000018d65e000 	/usr/lib/libc++abi.dylib
0x00000001980e5000 	/usr/lib/liboah.dylib
0x000000019899a000 	/usr/lib/liblzma.5.dylib
0x000000018e2e4000 	/System/Library/Frameworks/SystemConfiguration.framework/Versions/A/SystemConfiguration
0x0000000198117000 	/usr/lib/libfakelink.dylib
0x0000000192325000 	/System/Library/Frameworks/CFNetwork.framework/Versions/A/CFNetwork
0x000000019825e000 	/usr/lib/libarchive.2.dylib
0x0000000196c7a000 	/System/Library/PrivateFrameworks/AppleSystemInfo.framework/Versions/A/AppleSystemInfo
0x00000001977da000 	/usr/lib/libbsm.0.dylib
0x000000019185d000 	/usr/lib/libnetwork.dylib
0x00000001980b5000 	/usr/lib/system/libkxld.dylib
0x00000001973f1000 	/System/Library/PrivateFrameworks/IOMobileFramebuffer.framework/Versions/A/IOMobileFramebuffer
0x000000020a94e000 	/usr/lib/libCoreEntitlements.dylib
0x0000000197df8000 	/System/Library/PrivateFrameworks/AppleFSCompression.framework/Versions/A/AppleFSCompression
0x00000001977c2000 	/usr/lib/libcoretls.dylib
0x00000001989b3000 	/usr/lib/libcoretls_cfhelpers.dylib
0x00000001983af000 	/usr/lib/libpam.2.dylib
0x0000000193bb2000 	/usr/lib/libsqlite3.dylib
0x0000000198a1b000 	/usr/lib/libxar.1.dylib
0x0000000197e09000 	/usr/lib/libbz2.1.0.dylib
0x000000019811c000 	/usr/lib/libpcap.A.dylib
0x0000000193f81000 	/usr/lib/libdns_services.dylib
0x0000000198382000 	/usr/lib/libapple_nghttp2.dylib
0x0000000198159000 	/usr/lib/libiconv.2.dylib
0x00000001980ae000 	/usr/lib/libcharset.1.dylib
0x0000000194b85000 	/System/Library/Frameworks/CoreServices.framework/Versions/A/Frameworks/FSEvents.framework/Versions/A/FSEvents
0x000000018fdea000 	/System/Library/Frameworks/CoreServices.framework/Versions/A/Frameworks/CarbonCore.framework/Versions/A/CarbonCore
0x00000001941b8000 	/System/Library/Frameworks/CoreServices.framework/Versions/A/Frameworks/Metadata.framework/Versions/A/Metadata
0x0000000197e1c000 	/System/Library/Frameworks/CoreServices.framework/Versions/A/Frameworks/OSServices.framework/Versions/A/OSServices
0x00000001982e4000 	/System/Library/Frameworks/CoreServices.framework/Versions/A/Frameworks/SearchKit.framework/Versions/A/SearchKit
0x0000000193f0f000 	/System/Library/Frameworks/CoreServices.framework/Versions/A/Frameworks/AE.framework/Versions/A/AE
0x000000018dc40000 	/System/Library/Frameworks/CoreServices.framework/Versions/A/Frameworks/LaunchServices.framework/Versions/A/LaunchServices
0x0000000198943000 	/System/Library/Frameworks/CoreServices.framework/Versions/A/Frameworks/DictionaryServices.framework/Versions/A/DictionaryServices
0x0000000194b92000 	/System/Library/Frameworks/CoreServices.framework/Versions/A/Frameworks/SharedFileList.framework/Versions/A/SharedFileList
0x00000001977b2000 	/usr/lib/libCheckFix.dylib
0x0000000192865000 	/System/Library/PrivateFrameworks/TCC.framework/Versions/A/TCC
0x0000000196c80000 	/System/Library/PrivateFrameworks/CoreNLP.framework/Versions/A/CoreNLP
0x0000000194164000 	/System/Library/PrivateFrameworks/MetadataUtilities.framework/Versions/A/MetadataUtilities
0x000000018e39d000 	/usr/lib/libmecabra.dylib
0x00000001977eb000 	/usr/lib/libmecab.dylib
0x000000018e369000 	/usr/lib/libCRFSuite.dylib
0x0000000197849000 	/usr/lib/libgermantok.dylib
0x000000019835b000 	/usr/lib/libThaiTokenizer.dylib
0x000000019425d000 	/System/Library/Frameworks/Accelerate.framework/Versions/A/Frameworks/vImage.framework/Versions/A/vImage
0x000000019e413000 	/System/Library/Frameworks/Accelerate.framework/Versions/A/Frameworks/vecLib.framework/Versions/A/vecLib
0x0000000198a5f000 	/System/Library/Frameworks/Accelerate.framework/Versions/A/Frameworks/vecLib.framework/Versions/A/libvMisc.dylib
0x00000001972fb000 	/System/Library/Frameworks/Accelerate.framework/Versions/A/Frameworks/vecLib.framework/Versions/A/libvDSP.dylib
0x000000018dfc3000 	/System/Library/Frameworks/Accelerate.framework/Versions/A/Frameworks/vecLib.framework/Versions/A/libBLAS.dylib
0x0000000198483000 	/System/Library/Frameworks/Accelerate.framework/Versions/A/Frameworks/vecLib.framework/Versions/A/libLAPACK.dylib
0x000000019784c000 	/System/Library/Frameworks/Accelerate.framework/Versions/A/Frameworks/vecLib.framework/Versions/A/libLinearAlgebra.dylib
0x000000019839a000 	/System/Library/Frameworks/Accelerate.framework/Versions/A/Frameworks/vecLib.framework/Versions/A/libSparseBLAS.dylib
0x000000019847e000 	/System/Library/Frameworks/Accelerate.framework/Versions/A/Frameworks/vecLib.framework/Versions/A/libQuadrature.dylib
0x0000000196d77000 	/System/Library/Frameworks/Accelerate.framework/Versions/A/Frameworks/vecLib.framework/Versions/A/libBNNS.dylib
0x000000018e281000 	/System/Library/Frameworks/Accelerate.framework/Versions/A/Frameworks/vecLib.framework/Versions/A/libSparse.dylib
0x0000000196d6f000 	/System/Library/PrivateFrameworks/LinguisticData.framework/Versions/A/LinguisticData
0x000000018e237000 	/System/Library/PrivateFrameworks/Lexicon.framework/Versions/A/Lexicon
0x0000000198a57000 	/usr/lib/libChineseTokenizer.dylib
0x000000018e9de000 	/System/Library/PrivateFrameworks/LanguageModeling.framework/Versions/A/LanguageModeling
0x000000019835d000 	/System/Library/PrivateFrameworks/AppleSauce.framework/Versions/A/AppleSauce
0x00000001973de000 	/System/Library/PrivateFrameworks/CoreEmoji.framework/Versions/A/CoreEmoji
0x000000019824c000 	/usr/lib/libcmph.dylib
0x0000000194b65000 	/System/Library/Frameworks/OpenDirectory.framework/Versions/A/Frameworks/CFOpenDirectory.framework/Versions/A/CFOpenDirectory
0x0000000194b55000 	/System/Library/Frameworks/OpenDirectory.framework/Versions/A/OpenDirectory
0x00000001989b5000 	/System/Library/PrivateFrameworks/APFS.framework/Versions/A/APFS
0x000000019770a000 	/System/Library/Frameworks/SecurityFoundation.framework/Versions/A/SecurityFoundation
0x0000000198a29000 	/usr/lib/libutil.dylib
0x000000019011f000 	/System/Library/PrivateFrameworks/CoreServicesStore.framework/Versions/A/CoreServicesStore
0x0000000198a2d000 	/usr/lib/libxslt.1.dylib
0x000000019779e000 	/System/Library/PrivateFrameworks/BackgroundTaskManagement.framework/Versions/A/BackgroundTaskManagement
0x0000000199c90000 	/System/Library/Frameworks/ImageIO.framework/Versions/A/Resources/libRadiance.dylib
0x0000000199c99000 	/System/Library/Frameworks/ImageIO.framework/Versions/A/Resources/libJPEG.dylib
0x0000000199beb000 	/System/Library/Frameworks/ImageIO.framework/Versions/A/Resources/libPng.dylib
0x0000000199c0d000 	/System/Library/Frameworks/ImageIO.framework/Versions/A/Resources/libTIFF.dylib
0x0000000199cf4000 	/System/Library/Frameworks/ImageIO.framework/Versions/A/Resources/libGIF.dylib
0x0000000199639000 	/System/Library/Frameworks/ImageIO.framework/Versions/A/Resources/libJP2.dylib
0x0000000198d7e000 	/usr/lib/libexpat.1.dylib
0x00000001995f4000 	/System/Library/PrivateFrameworks/AppleJPEG.framework/Versions/A/AppleJPEG
0x00000001961a3000 	/System/Library/PrivateFrameworks/FontServices.framework/libFontParser.dylib
0x0000000193eb4000 	/System/Library/PrivateFrameworks/RunningBoardServices.framework/Versions/A/RunningBoardServices
0x00000001a4390000 	/System/Library/PrivateFrameworks/IOSurfaceAccelerator.framework/Versions/A/IOSurfaceAccelerator
0x0000000199725000 	/System/Library/PrivateFrameworks/WatchdogClient.framework/Versions/A/WatchdogClient
0x000000018eae2000 	/System/Library/Frameworks/CoreDisplay.framework/Versions/A/CoreDisplay
0x0000000196091000 	/System/Library/Frameworks/CoreMedia.framework/Versions/A/CoreMedia
0x0000000195f25000 	/System/Library/PrivateFrameworks/IOAccelerator.framework/Versions/A/IOAccelerator
0x0000000194cf3000 	/System/Library/Frameworks/CoreVideo.framework/Versions/A/CoreVideo
0x00000001983ad000 	/System/Library/Frameworks/MetalPerformanceShaders.framework/Versions/A/MetalPerformanceShaders
0x0000000199762000 	/System/Library/Frameworks/VideoToolbox.framework/Versions/A/VideoToolbox
0x0000000193df8000 	/System/Library/PrivateFrameworks/BaseBoard.framework/Versions/A/BaseBoard
0x0000000193b97000 	/System/Library/PrivateFrameworks/ProtocolBuffer.framework/Versions/A/ProtocolBuffer
0x0000000199c8b000 	/System/Library/PrivateFrameworks/GPUWrangler.framework/Versions/A/GPUWrangler
0x0000000199c6a000 	/System/Library/PrivateFrameworks/IOPresentment.framework/Versions/A/IOPresentment
0x0000000199c93000 	/System/Library/PrivateFrameworks/DSExternalDisplay.framework/Versions/A/DSExternalDisplay
0x00000001eeb10000 	/System/Library/Frameworks/OpenGL.framework/Versions/A/Libraries/libCoreFSCache.dylib
0x00000001f82fb000 	/System/Library/PrivateFrameworks/GPUCompiler.framework/Versions/31001/Libraries/libGPUCompilerUtils.dylib
0x0000000199cf9000 	/System/Library/PrivateFrameworks/CMCaptureCore.framework/Versions/A/CMCaptureCore
0x0000000199332000 	/System/Library/PrivateFrameworks/AppServerSupport.framework/Versions/A/AppServerSupport
0x000000019b4d2000 	/System/Library/PrivateFrameworks/perfdata.framework/Versions/A/perfdata
0x000000018ec02000 	/System/Library/PrivateFrameworks/AudioToolboxCore.framework/Versions/A/AudioToolboxCore
0x0000000196069000 	/System/Library/PrivateFrameworks/caulk.framework/Versions/A/caulk
0x000000019adc7000 	/usr/lib/libAudioStatistics.dylib
0x00000001ac6e4000 	/System/Library/PrivateFrameworks/SystemPolicy.framework/Versions/A/SystemPolicy
0x000000019b027000 	/usr/lib/libSMC.dylib
0x00000001a3bfc000 	/System/Library/Frameworks/CoreMIDI.framework/Versions/A/CoreMIDI
0x0000000199bb9000 	/usr/lib/libAudioToolboxUtility.dylib
0x00000001a8b11000 	/System/Library/PrivateFrameworks/OSAServicesClient.framework/Versions/A/OSAServicesClient
0x000000019b4df000 	/usr/lib/libperfcheck.dylib
0x00000001ad1eb000 	/usr/lib/libmis.dylib
0x00000001eeb71000 	/System/Library/Frameworks/OpenGL.framework/Versions/A/Libraries/libGLU.dylib
0x00000001eeb30000 	/System/Library/Frameworks/OpenGL.framework/Versions/A/Libraries/libGFXShared.dylib
0x00000001eed1a000 	/System/Library/Frameworks/OpenGL.framework/Versions/A/Libraries/libGL.dylib
0x00000001eeb39000 	/System/Library/Frameworks/OpenGL.framework/Versions/A/Libraries/libGLImage.dylib
0x00000001eeb2d000 	/System/Library/Frameworks/OpenGL.framework/Versions/A/Libraries/libCVMSPluginSupport.dylib
0x00000001eeb17000 	/System/Library/Frameworks/OpenGL.framework/Versions/A/Libraries/libCoreVMClient.dylib
0x0000000196bfb000 	/System/Library/Frameworks/MetalPerformanceShaders.framework/Versions/A/Frameworks/MPSCore.framework/Versions/A/MPSCore
0x0000000197d6b000 	/System/Library/Frameworks/MetalPerformanceShaders.framework/Versions/A/Frameworks/MPSImage.framework/Versions/A/MPSImage
0x0000000197861000 	/System/Library/Frameworks/MetalPerformanceShaders.framework/Versions/A/Frameworks/MPSNeuralNetwork.framework/Versions/A/MPSNeuralNetwork
0x0000000197c9e000 	/System/Library/Frameworks/MetalPerformanceShaders.framework/Versions/A/Frameworks/MPSMatrix.framework/Versions/A/MPSMatrix
0x0000000197a79000 	/System/Library/Frameworks/MetalPerformanceShaders.framework/Versions/A/Frameworks/MPSRayIntersector.framework/Versions/A/MPSRayIntersector
0x0000000197ccf000 	/System/Library/Frameworks/MetalPerformanceShaders.framework/Versions/A/Frameworks/MPSNDArray.framework/Versions/A/MPSNDArray
0x00000001f0848000 	/System/Library/Frameworks/MetalPerformanceShaders.framework/Versions/A/Frameworks/MPSFunctions.framework/Versions/A/MPSFunctions
0x000000018dea1000 	/System/Library/PrivateFrameworks/MetalTools.framework/Versions/A/MetalTools
0x0000000196c78000 	/System/Library/PrivateFrameworks/AggregateDictionary.framework/Versions/A/AggregateDictionary
0x0000000198b64000 	/usr/lib/libIOReport.dylib
0x00000001a2be3000 	/System/Library/PrivateFrameworks/ASEProcessing.framework/Versions/A/ASEProcessing
0x0000000198ed7000 	/System/Library/PrivateFrameworks/FaceCore.framework/Versions/A/FaceCore
0x0000000198ec9000 	/System/Library/PrivateFrameworks/GraphVisualizer.framework/Versions/A/GraphVisualizer
0x00000001f8212000 	/System/Library/PrivateFrameworks/FontServices.framework/Versions/A/FontServices
0x00000001992ec000 	/System/Library/PrivateFrameworks/OTSVG.framework/Versions/A/OTSVG
0x00000001948c1000 	/System/Library/Frameworks/ApplicationServices.framework/Versions/A/Frameworks/ATS.framework/Versions/A/Resources/libFontRegistry.dylib
0x000000019933b000 	/System/Library/PrivateFrameworks/FontServices.framework/libhvf.dylib
0x00000001f8213000 	/System/Library/PrivateFrameworks/FontServices.framework/libXTFontStaticRegistryData.dylib
0x00000001eeebc000 	/System/Library/Frameworks/OpenCL.framework/Versions/A/OpenCL
0x0000000198d32000 	/System/Library/PrivateFrameworks/AppleVA.framework/Versions/A/AppleVA
0x000000019adef000 	/System/Library/Frameworks/ApplicationServices.framework/Versions/A/Frameworks/ATS.framework/Versions/A/ATS
0x000000019335b000 	/System/Library/Frameworks/ApplicationServices.framework/Versions/A/Frameworks/HIServices.framework/Versions/A/HIServices
0x0000000199d03000 	/System/Library/Frameworks/ApplicationServices.framework/Versions/A/Frameworks/PrintCore.framework/Versions/A/PrintCore
0x000000019b17a000 	/System/Library/Frameworks/ApplicationServices.framework/Versions/A/Frameworks/QD.framework/Versions/A/QD
0x000000019b172000 	/System/Library/Frameworks/ApplicationServices.framework/Versions/A/Frameworks/ColorSyncLegacy.framework/Versions/A/ColorSyncLegacy
0x000000019addb000 	/System/Library/Frameworks/ApplicationServices.framework/Versions/A/Frameworks/SpeechSynthesis.framework/Versions/A/SpeechSynthesis
0x0000000199cc4000 	/System/Library/Frameworks/ApplicationServices.framework/Versions/A/Frameworks/ATSUI.framework/Versions/A/ATSUI
0x000000019b107000 	/usr/lib/libcups.2.dylib
0x000000019b4ed000 	/System/Library/Frameworks/Kerberos.framework/Versions/A/Kerberos
0x000000019b4fe000 	/System/Library/Frameworks/GSS.framework/Versions/A/GSS
0x000000019ae5e000 	/usr/lib/libresolv.9.dylib
0x0000000199349000 	/System/Library/PrivateFrameworks/Heimdal.framework/Versions/A/Heimdal
0x00000001a1e52000 	/System/Library/Frameworks/Kerberos.framework/Versions/A/Libraries/libHeimdalProxy.dylib
0x0000000193f93000 	/System/Library/Frameworks/Network.framework/Versions/A/Network
0x0000000198d99000 	/usr/lib/libheimdal-asn1.dylib
0x000000019b544000 	/System/Library/PrivateFrameworks/CommonAuth.framework/Versions/A/CommonAuth
0x000000019ad55000 	/System/Library/PrivateFrameworks/AudioSession.framework/Versions/A/AudioSession
0x0000000198e2a000 	/System/Library/PrivateFrameworks/MediaExperience.framework/Versions/A/MediaExperience
0x000000019abdd000 	/System/Library/PrivateFrameworks/AudioSession.framework/libSessionUtility.dylib
0x000000019b186000 	/System/Library/PrivateFrameworks/AudioResourceArbitration.framework/Versions/A/AudioResourceArbitration
0x000000019f291000 	/System/Library/PrivateFrameworks/PowerLog.framework/Versions/A/PowerLog
0x0000000198da2000 	/System/Library/PrivateFrameworks/IconFoundation.framework/Versions/A/IconFoundation
0x000000019e03f000 	/System/Library/PrivateFrameworks/SpeechRecognitionCore.framework/Versions/A/SpeechRecognitionCore
0x00000001d1aff000 	/System/Library/CoreServices/Encodings/libKoreanConverter.dylib
0x0000000105d78000 	/Library/Java/JavaVirtualMachines/zulu-11.jdk/Contents/Home/lib/server/libjvm.dylib
0x0000000105154000 	/Library/Java/JavaVirtualMachines/zulu-11.jdk/Contents/Home/lib/libverify.dylib
0x00000001051a0000 	/Library/Java/JavaVirtualMachines/zulu-11.jdk/Contents/Home/lib/libjava.dylib
0x000000010516c000 	/Library/Java/JavaVirtualMachines/zulu-11.jdk/Contents/Home/lib/libjimage.dylib
0x0000000105214000 	/Library/Java/JavaVirtualMachines/zulu-11.jdk/Contents/Home/lib/libzip.dylib
0x0000000105cf0000 	/Library/Java/JavaVirtualMachines/zulu-11.jdk/Contents/Home/lib/libnio.dylib
0x0000000105d34000 	/Library/Java/JavaVirtualMachines/zulu-11.jdk/Contents/Home/lib/libnet.dylib


VM Arguments:
jvm_args: -Dfile.encoding=UTF-8 
java_command: oracle.jdbc.driver.JavaToJavaConverter$210
java_class_path (initial): /Users/jeong-won-yeong/Documents/Spring/workspace-spring/ezen05_Mybatis (2)/target/classes:/Users/jeong-won-yeong/Downloads/apache-tomcat-9.0.64/lib/tomcat-i18n-ko.jar:/Users/jeong-won-yeong/Downloads/apache-tomcat-9.0.64/lib/el-api.jar:/Users/jeong-won-yeong/Downloads/apache-tomcat-9.0.64/lib/tomcat-i18n-es.jar:/Users/jeong-won-yeong/Downloads/apache-tomcat-9.0.64/lib/tomcat-websocket.jar:/Users/jeong-won-yeong/Downloads/apache-tomcat-9.0.64/lib/jasper.jar:/Users/jeong-won-yeong/Downloads/apache-tomcat-9.0.64/lib/jasper-el.jar:/Users/jeong-won-yeong/Downloads/apache-tomcat-9.0.64/lib/tomcat-util.jar:/Users/jeong-won-yeong/Downloads/apache-tomcat-9.0.64/lib/tomcat-i18n-de.jar:/Users/jeong-won-yeong/Downloads/apache-tomcat-9.0.64/lib/catalina-storeconfig.jar:/Users/jeong-won-yeong/Downloads/apache-tomcat-9.0.64/lib/jsp-api.jar:/Users/jeong-won-yeong/Downloads/apache-tomcat-9.0.64/lib/catalina-tribes.jar:/Users/jeong-won-yeong/Downloads/apache-tomcat-9.0.64/lib/tomcat-i18n-cs.jar:/Users/jeong-won-yeong/Downloads/apache-tomcat-9.0.64/lib/catalina.jar:/Users/jeong-won-yeong/Downloads/apache-tomcat-9.0.64/lib/tomcat-jni.jar:/Users/jeong-won-yeong/Downloads/apache-tomcat-9.0.64/lib/ecj-4.20.jar:/Users/jeong-won-yeong/Downloads/apache-tomcat-9.0.64/lib/tomcat-i18n-pt-BR.jar:/Users/jeong-won-yeong/Downloads/apache-tomcat-9.0.64/lib/catalina-ssi.jar:/Users/jeong-won-yeong/Downloads/apache-tomcat-9.0.64/lib/websocket-api.jar:/Users/jeong-won-yeong/Downloads/apache-tomcat-9.0.64/lib/tomcat-coyote.jar:/Users/jeong-won-yeong/Downloads/apache-tomcat-9.0.64/lib/catalina-ha.jar:/Users/jeong-won-yeong/Downloads/apache-tomcat-9.0.64/lib/tomcat-api.jar:/Users/jeong-won-yeong/Downloads/apache-tomcat-9.0.64/lib/annotations-api.jar:/Users/jeong-won-yeong/Downloads/apache-tomcat-9.0.64/lib/jaspic-api.jar:/Users/jeong-won-yeong/Downloads/apache-tomcat-9.0.64/lib/tomcat-i18n-zh-CN.jar:/Users/jeong-won-yeong/Downloads/apache-tomcat-9.0.64/lib/catalina-ant.jar:/Us
Launcher Type: SUN_STANDARD

[Global flags]
     intx CICompilerCount                          = 4                                         {product} {ergonomic}
     uint ConcGCThreads                            = 2                                         {product} {ergonomic}
     uint G1ConcRefinementThreads                  = 8                                         {product} {ergonomic}
   size_t G1HeapRegionSize                         = 1048576                                   {product} {ergonomic}
    uintx GCDrainStackTargetSize                   = 64                                        {product} {ergonomic}
   size_t InitialHeapSize                          = 268435456                                 {product} {ergonomic}
   size_t MarkStackSize                            = 4194304                                   {product} {ergonomic}
   size_t MaxHeapSize                              = 4294967296                                {product} {ergonomic}
   size_t MaxNewSize                               = 2576351232                                {product} {ergonomic}
   size_t MinHeapDeltaBytes                        = 1048576                                   {product} {ergonomic}
    uintx NonNMethodCodeHeapSize                   = 5836492                                {pd product} {ergonomic}
    uintx NonProfiledCodeHeapSize                  = 122910874                              {pd product} {ergonomic}
    uintx ProfiledCodeHeapSize                     = 122910874                              {pd product} {ergonomic}
    uintx ReservedCodeCacheSize                    = 251658240                              {pd product} {ergonomic}
     bool SegmentedCodeCache                       = true                                      {product} {ergonomic}
     bool UseCompressedClassPointers               = true                                 {lp64_product} {ergonomic}
     bool UseCompressedOops                        = true                                 {lp64_product} {ergonomic}
     bool UseG1GC                                  = true                                      {product} {ergonomic}

Logging:
Log output configuration:
 #0: stdout all=warning uptime,level,tags
 #1: stderr all=off uptime,level,tags

Environment Variables:
PATH=/usr/bin:/bin:/usr/sbin:/sbin
SHELL=/bin/zsh

Signal Handlers:
SIGSEGV: [libjvm.dylib+0x7459a0], sa_mask[0]=11111111011111110111111111111111, sa_flags=SA_ONSTACK|SA_RESTART|SA_SIGINFO
SIGBUS: [libjvm.dylib+0x7459a0], sa_mask[0]=11111111011111110111111111111111, sa_flags=SA_RESTART|SA_SIGINFO
SIGFPE: [libjvm.dylib+0x7459a0], sa_mask[0]=11111111011111110111111111111111, sa_flags=SA_RESTART|SA_SIGINFO
SIGPIPE: [libjvm.dylib+0x5a1238], sa_mask[0]=11111111011111110111111111111111, sa_flags=SA_RESTART|SA_SIGINFO
SIGXFSZ: [libjvm.dylib+0x5a1238], sa_mask[0]=11111111011111110111111111111111, sa_flags=SA_RESTART|SA_SIGINFO
SIGILL: [libjvm.dylib+0x7459a0], sa_mask[0]=11111111011111110111111111111111, sa_flags=SA_RESTART|SA_SIGINFO
SIGUSR2: [libjvm.dylib+0x5a1838], sa_mask[0]=00100000000000000000000000000000, sa_flags=SA_RESTART|SA_SIGINFO
SIGHUP: [libjvm.dylib+0x59ffe4], sa_mask[0]=11111111011111110111111111111111, sa_flags=SA_RESTART|SA_SIGINFO
SIGINT: [libjvm.dylib+0x59ffe4], sa_mask[0]=11111111011111110111111111111111, sa_flags=SA_RESTART|SA_SIGINFO
SIGTERM: [libjvm.dylib+0x59ffe4], sa_mask[0]=11111111011111110111111111111111, sa_flags=SA_RESTART|SA_SIGINFO
SIGQUIT: [libjvm.dylib+0x59ffe4], sa_mask[0]=11111111011111110111111111111111, sa_flags=SA_RESTART|SA_SIGINFO


---------------  S Y S T E M  ---------------

OS:uname:Darwin 21.3.0 Darwin Kernel Version 21.3.0: Wed Jan  5 21:37:58 PST 2022; root:xnu-8019.80.24~20/RELEASE_ARM64_T8101 arm64
OS uptime: 0 days 18:39 hours
rlimit (soft/hard): STACK 8176k/65520k , CORE 0k/infinity , NPROC 2666/4000 , NOFILE 10240/infinity , AS infinity/infinity , CPU infinity/infinity , DATA infinity/infinity , FSIZE infinity/infinity , MEMLOCK infinity/infinity , RSS infinity/infinity
load average:1.69 1.71 1.81

CPU:total 8 (initial active 8) 0x61:0x0:0x1b588bb3:0, simd, crc, lse

Memory: 16k page, physical 16777216k(388912k free), swap 1048576k(1033728k free)

vm_info: OpenJDK 64-Bit Server VM (11.0.15+10-LTS) for bsd-aarch64 JRE (Zulu11.56+19-CA) (11.0.15+10-LTS), built on Apr 17 2022 02:10:57 by "zulu_re" with clang Apple LLVM 12.0.0 (clang-1200.0.32.28)

END.
